[2018-Mar-19-20:59:24.155][WARN] [Scrubber] [DefaultBatchRunner] [Configuration schema was unavailable, configuration was not validated.] 
[2018-Mar-19-20:59:24.300][INFO] [Scrubber] [RecorderBuilder] [Building Recorder Config...] 
[2018-Mar-19-20:59:24.301][INFO] [Scrubber] [RecorderBuilder] [Loading Recorder Initialization Params] 
[2018-Mar-19-20:59:24.302][INFO] [Scrubber] [RecorderBuilder] [Done Building Recorder Config.] 
[2018-Mar-19-20:59:24.303][INFO] [Scrubber] [ScrubberBuilder] [Building Known Identifiers Config...] 
[2018-Mar-19-20:59:24.305][INFO] [Scrubber] [ScrubberBuilder] [Loading Saved Identifiers] 
[2018-Mar-19-20:59:24.361][INFO] [Scrubber] [ScrubberBuilder] [Names contained 85045 identifiers from conf/names.txt case sense=false to be replaced with xxxNAMExxx] 
[2018-Mar-19-20:59:24.374][INFO] [Scrubber] [ScrubberBuilder] [PrivateDictionary contained 3431 identifiers from conf/private_dict.txt case sense=false to be replaced with xxxPRIVATExxx] 
[2018-Mar-19-20:59:24.376][INFO] [Scrubber] [ScrubberBuilder] [Institutions contained 157 identifiers from conf/hospital_names.txt case sense=false to be replaced with xxxHOSPITALxxx] 
[2018-Mar-19-20:59:24.377][INFO] [Scrubber] [ScrubberBuilder] [Loading Regular Expressions] 
[2018-Mar-19-20:59:24.399][INFO] [Scrubber] [ScrubberBuilder] [Done Building Known Identifiers Config.] 
[2018-Mar-19-20:59:24.401][INFO] [Scrubber] [ScrubberBuilder] [Building XML Input Config...] 
[2018-Mar-19-20:59:24.402][INFO] [Scrubber] [ScrubberBuilder] [Input Validation Enabled, using schema location:] 
[2018-Mar-19-20:59:24.403][INFO] [Scrubber] [ScrubberBuilder] [Preparing INPUT paths containing identifiers...] 
[2018-Mar-19-20:59:24.404][INFO] [Scrubber] [ScrubberBuilder] [Loaded Identifier specified by:Identifers //Identifiers replaced with: xxxIDENTIFIERxxx] 
[2018-Mar-19-20:59:24.405][INFO] [Scrubber] [ScrubberBuilder] [Loaded scrubbing target specified by DEFAULT_SCRUB_ALL /*] 
[2018-Mar-19-20:59:24.405][INFO] [Scrubber] [ScrubberBuilder] [Done building XML Input Config...] 
[2018-Mar-19-20:59:24.406][INFO] [Scrubber] [BatchBuilder] [Creating batch configuration...] 
[2018-Mar-19-20:59:24.408][INFO] [Scrubber] [BatchBuilder] [Adding label: Names and file: conf/names.txt] 
[2018-Mar-19-20:59:24.462][INFO] [Scrubber] [BatchBuilder] [Adding label: PrivateDictionary and file: conf/private_dict.txt] 
[2018-Mar-19-20:59:24.465][INFO] [Scrubber] [BatchBuilder] [Adding label: Institutions and file: conf/hospital_names.txt] 
[2018-Mar-19-20:59:24.467][INFO] [Scrubber] [BatchBuilder] [Adding label: REGEX_0 and file: conf/regex.txt] 
[2018-Mar-19-20:59:24.468][INFO] [Scrubber] [BatchBuilder] [Done creating batch configuration...] 
[2018-Mar-19-20:59:24.470][INFO] [Scrubber] [BatchProcessor] [Initializing BatchProcessor:ao_2018-03-19#08.59.24PM] 
[2018-Mar-19-20:59:24.486][INFO] [Scrubber] [BatchProcessor] [BatchProcessor initialized at location:/Users/ao/Desktop/graduate-Ao/Tools/HMS-Scrubber/Experiment/scrubber-core-2.8/ao_2018-03-19#08.59.24PM] 
[2018-Mar-19-20:59:24.487][INFO] [Scrubber] [BatchProcessor] [Fetching input files in path:/Users/ao/Desktop/graduate-Ao/Tools/HMS-Scrubber/Experiment/scrubber-core-2.8/test/scrubber_test_set] 
[2018-Mar-19-20:59:24.488][INFO] [Scrubber] [BatchProcessor] [Fetched 1 input files] 
[2018-Mar-19-20:59:24.488][INFO] [Scrubber] [BatchProcessor] [Current:test/scrubber_test_set/testcase.xml [1/1]  0 % complete  Totals:  [0 processed ] [0 failed ]] 
[2018-Mar-19-21:04:15.579][FATAL] [Scrubber] [DefaultBatchRunner] [Failed to build Configuration:Illegal/unsupported escape sequence near index 56
(\W|\b)drs , request , ms
\\\\[ report_end \\\]
<\/(\W|\b)
                                                        ^] 
[2018-Mar-19-21:06:54.998][WARN] [Scrubber] [DefaultBatchRunner] [Configuration schema was unavailable, configuration was not validated.] 
[2018-Mar-19-21:06:55.126][INFO] [Scrubber] [RecorderBuilder] [Building Recorder Config...] 
[2018-Mar-19-21:06:55.127][INFO] [Scrubber] [RecorderBuilder] [Loading Recorder Initialization Params] 
[2018-Mar-19-21:06:55.128][INFO] [Scrubber] [RecorderBuilder] [Done Building Recorder Config.] 
[2018-Mar-19-21:06:55.129][INFO] [Scrubber] [ScrubberBuilder] [Building Known Identifiers Config...] 
[2018-Mar-19-21:06:55.130][INFO] [Scrubber] [ScrubberBuilder] [Loading Saved Identifiers] 
[2018-Mar-19-21:06:55.180][INFO] [Scrubber] [ScrubberBuilder] [Names contained 85045 identifiers from conf/names.txt case sense=false to be replaced with xxxNAMExxx] 
[2018-Mar-19-21:06:55.198][INFO] [Scrubber] [ScrubberBuilder] [PrivateDictionary contained 3431 identifiers from conf/private_dict.txt case sense=false to be replaced with xxxPRIVATExxx] 
[2018-Mar-19-21:06:55.200][INFO] [Scrubber] [ScrubberBuilder] [Institutions contained 157 identifiers from conf/hospital_names.txt case sense=false to be replaced with xxxHOSPITALxxx] 
[2018-Mar-19-21:06:55.200][INFO] [Scrubber] [ScrubberBuilder] [Loading Regular Expressions] 
[2018-Mar-19-21:06:55.223][INFO] [Scrubber] [ScrubberBuilder] [Done Building Known Identifiers Config.] 
[2018-Mar-19-21:06:55.225][INFO] [Scrubber] [ScrubberBuilder] [Building XML Input Config...] 
[2018-Mar-19-21:06:55.227][INFO] [Scrubber] [ScrubberBuilder] [Input Validation Enabled, using schema location:] 
[2018-Mar-19-21:06:55.228][INFO] [Scrubber] [ScrubberBuilder] [Preparing INPUT paths containing identifiers...] 
[2018-Mar-19-21:06:55.228][INFO] [Scrubber] [ScrubberBuilder] [Loaded Identifier specified by:Identifers //Identifiers replaced with: xxxIDENTIFIERxxx] 
[2018-Mar-19-21:06:55.229][INFO] [Scrubber] [ScrubberBuilder] [Loaded scrubbing target specified by DEFAULT_SCRUB_ALL /*] 
[2018-Mar-19-21:06:55.230][INFO] [Scrubber] [ScrubberBuilder] [Done building XML Input Config...] 
[2018-Mar-19-21:06:55.231][INFO] [Scrubber] [BatchBuilder] [Creating batch configuration...] 
[2018-Mar-19-21:06:55.234][INFO] [Scrubber] [BatchBuilder] [Adding label: Names and file: conf/names.txt] 
[2018-Mar-19-21:06:55.290][INFO] [Scrubber] [BatchBuilder] [Adding label: PrivateDictionary and file: conf/private_dict.txt] 
[2018-Mar-19-21:06:55.294][INFO] [Scrubber] [BatchBuilder] [Adding label: Institutions and file: conf/hospital_names.txt] 
[2018-Mar-19-21:06:55.295][INFO] [Scrubber] [BatchBuilder] [Adding label: REGEX_0 and file: conf/regex.txt] 
[2018-Mar-19-21:06:55.297][INFO] [Scrubber] [BatchBuilder] [Done creating batch configuration...] 
[2018-Mar-19-21:06:55.299][INFO] [Scrubber] [BatchProcessor] [Initializing BatchProcessor:ao_2018-03-19#09.06.55PM] 
[2018-Mar-19-21:06:55.316][INFO] [Scrubber] [BatchProcessor] [BatchProcessor initialized at location:/Users/ao/Desktop/graduate-Ao/Tools/HMS-Scrubber/Experiment/scrubber-core-2.8/ao_2018-03-19#09.06.55PM] 
[2018-Mar-19-21:06:55.316][INFO] [Scrubber] [BatchProcessor] [Fetching input files in path:/Users/ao/Desktop/graduate-Ao/Tools/HMS-Scrubber/Experiment/scrubber-core-2.8/test/scrubber_test_set] 
[2018-Mar-19-21:06:55.317][INFO] [Scrubber] [BatchProcessor] [Fetched 1 input files] 
[2018-Mar-19-21:06:55.318][INFO] [Scrubber] [BatchProcessor] [Current:test/scrubber_test_set/testcase.xml [1/1]  0 % complete  Totals:  [0 processed ] [0 failed ]] 
[2018-Mar-19-21:12:08.219][FATAL] [Scrubber] [DefaultBatchRunner] [Failed to build Configuration:Illegal/unsupported escape sequence near index 55
(\W|\b)="DOCTOR">Rashard Kotehuie<\/PHI> \.
\\\\[ (\W|\b)
                                                       ^] 
[2018-Mar-19-21:16:46.754][FATAL] [Scrubber] [DefaultBatchRunner] [ABORTING: Configuration File /Users/ao/Desktop/graduate-Ao/Tools/HMS-Scrubber/Experiment/scrubber-core-2.8/ScrubberConfiguration.xml does not exist] 
[2018-Mar-19-21:16:54.472][WARN] [Scrubber] [DefaultBatchRunner] [Configuration schema was unavailable, configuration was not validated.] 
[2018-Mar-19-21:16:54.605][INFO] [Scrubber] [RecorderBuilder] [Building Recorder Config...] 
[2018-Mar-19-21:16:54.607][INFO] [Scrubber] [RecorderBuilder] [Loading Recorder Initialization Params] 
[2018-Mar-19-21:16:54.608][INFO] [Scrubber] [RecorderBuilder] [Done Building Recorder Config.] 
[2018-Mar-19-21:16:54.609][INFO] [Scrubber] [ScrubberBuilder] [Building Known Identifiers Config...] 
[2018-Mar-19-21:16:54.610][INFO] [Scrubber] [ScrubberBuilder] [Loading Saved Identifiers] 
[2018-Mar-19-21:16:54.661][INFO] [Scrubber] [ScrubberBuilder] [Names contained 85045 identifiers from conf/names.txt case sense=false to be replaced with xxxNAMExxx] 
[2018-Mar-19-21:16:54.667][INFO] [Scrubber] [ScrubberBuilder] [Institutions contained 157 identifiers from conf/hospital_names.txt case sense=false to be replaced with xxxHOSPITALxxx] 
[2018-Mar-19-21:16:54.680][INFO] [Scrubber] [ScrubberBuilder] [PrivateDictionary contained 3431 identifiers from conf/private_dict.txt case sense=false to be replaced with xxxPRIVATExxx] 
[2018-Mar-19-21:16:54.681][INFO] [Scrubber] [ScrubberBuilder] [Loading Regular Expressions] 
[2018-Mar-19-21:16:54.706][INFO] [Scrubber] [ScrubberBuilder] [Done Building Known Identifiers Config.] 
[2018-Mar-19-21:16:54.707][INFO] [Scrubber] [ScrubberBuilder] [Building XML Input Config...] 
[2018-Mar-19-21:16:54.709][INFO] [Scrubber] [ScrubberBuilder] [Input Validation Enabled, using schema location:] 
[2018-Mar-19-21:16:54.710][INFO] [Scrubber] [ScrubberBuilder] [Preparing INPUT paths containing identifiers...] 
[2018-Mar-19-21:16:54.711][INFO] [Scrubber] [ScrubberBuilder] [Loaded Identifier specified by:FirstName /Envelope/Header/Identifiers/FirstName replaced with: xxxFirstNamexxx] 
[2018-Mar-19-21:16:54.711][INFO] [Scrubber] [ScrubberBuilder] [Loaded Identifier specified by:LastName /Envelope/Header/Identifiers/LastName replaced with: xxxLastNamexxx] 
[2018-Mar-19-21:16:54.712][INFO] [Scrubber] [ScrubberBuilder] [Loaded Identifier specified by:DateOfBirth /Envelope/Header/Identifiers/DateOfBirth replaced with: xxxDateOfBirthxxx] 
[2018-Mar-19-21:16:54.712][INFO] [Scrubber] [ScrubberBuilder] [Loaded Identifier specified by:AccessionNumber /Envelope/Header/Identifiers/AccessionNumber replaced with: xxxAccessionNumberxxx] 
[2018-Mar-19-21:16:54.713][INFO] [Scrubber] [ScrubberBuilder] [Loaded Identifier specified by:LocalMRN /Envelope/Header/Identifiers/LocalMRN replaced with: xxxLocalMRNxxx] 
[2018-Mar-19-21:16:54.713][INFO] [Scrubber] [ScrubberBuilder] [Loaded Identifier specified by:TissueAcquisitionDate /Envelope/Body/PathologyCase/@TissueAcquisitionDate replaced with: xxxDATExxx] 
[2018-Mar-19-21:16:54.714][INFO] [Scrubber] [ScrubberBuilder] [Loaded Identifier specified by:ReportDate /Envelope/Body/PathologyCase/FullReportData/@ReportDate replaced with: xxxDATExxx] 
[2018-Mar-19-21:16:54.714][INFO] [Scrubber] [ScrubberBuilder] [Loaded scrubbing target specified by ClinicalInformation /Envelope/Body/PathologyCase/Clinical/ClinicalInformation] 
[2018-Mar-19-21:16:54.715][INFO] [Scrubber] [ScrubberBuilder] [Loaded scrubbing target specified by SpecimenGrossDescription /Envelope/Body/PathologyCase/Specimen/GrossDescription/Text] 
[2018-Mar-19-21:16:54.715][INFO] [Scrubber] [ScrubberBuilder] [Loaded scrubbing target specified by GrossDescription /Envelope/Body/PathologyCase/GrossDescriptionText] 
[2018-Mar-19-21:16:54.716][INFO] [Scrubber] [ScrubberBuilder] [Loaded scrubbing target specified by DiagnosisText /Envelope/Body/PathologyCase/DiagnosisText] 
[2018-Mar-19-21:16:54.716][INFO] [Scrubber] [ScrubberBuilder] [Loaded scrubbing target specified by FullReportText /Envelope/Body/PathologyCase/FullReportText] 
[2018-Mar-19-21:16:54.716][INFO] [Scrubber] [ScrubberBuilder] [Loaded scrubbing target specified by FullReportData /Envelope/Body/PathologyCase/FullReportData
				] 
[2018-Mar-19-21:16:54.717][INFO] [Scrubber] [ScrubberBuilder] [Done building XML Input Config...] 
[2018-Mar-19-21:16:54.718][INFO] [Scrubber] [BatchBuilder] [Creating batch configuration...] 
[2018-Mar-19-21:16:54.719][INFO] [Scrubber] [BatchBuilder] [Adding label: Names and file: conf/names.txt] 
[2018-Mar-19-21:16:54.775][INFO] [Scrubber] [BatchBuilder] [Adding label: Institutions and file: conf/hospital_names.txt] 
[2018-Mar-19-21:16:54.776][INFO] [Scrubber] [BatchBuilder] [Adding label: PrivateDictionary and file: conf/private_dict.txt] 
[2018-Mar-19-21:16:54.780][INFO] [Scrubber] [BatchBuilder] [Adding label: REGEX_0 and file: conf/regex.txt] 
[2018-Mar-19-21:16:54.782][INFO] [Scrubber] [BatchBuilder] [Done creating batch configuration...] 
[2018-Mar-19-21:16:54.784][INFO] [Scrubber] [BatchProcessor] [Initializing BatchProcessor:ao_2018-03-19#09.16.54PM] 
[2018-Mar-19-21:16:54.799][INFO] [Scrubber] [BatchProcessor] [BatchProcessor initialized at location:/Users/ao/Desktop/graduate-Ao/Tools/HMS-Scrubber/Experiment/scrubber-core-2.8/ao_2018-03-19#09.16.54PM] 
[2018-Mar-19-21:16:54.800][INFO] [Scrubber] [BatchProcessor] [Fetching input files in path:/Users/ao/Desktop/graduate-Ao/Tools/HMS-Scrubber/Experiment/scrubber-core-2.8/test/scrubber_test_set/testcase.xml] 
[2018-Mar-19-21:16:54.801][INFO] [Scrubber] [BatchProcessor] [Fetched 1 input files] 
[2018-Mar-19-21:16:54.802][INFO] [Scrubber] [BatchProcessor] [Current:test/scrubber_test_set/testcase.xml [1/1]  0 % complete  Totals:  [0 processed ] [0 failed ]] 
[2018-Mar-19-21:21:42.223][FATAL] [Scrubber] [DefaultBatchRunner] [Failed to build Configuration:Illegal/unsupported escape sequence near index 55
(\W|\b)="DOCTOR">Rashard Kotehuie<\/PHI> \.
\\\\[ (\W|\b)
                                                       ^] 
[2018-Mar-19-21:26:55.071][WARN] [Scrubber] [DefaultBatchRunner] [Configuration schema was unavailable, configuration was not validated.] 
[2018-Mar-19-21:26:55.242][INFO] [Scrubber] [RecorderBuilder] [Building Recorder Config...] 
[2018-Mar-19-21:26:55.244][INFO] [Scrubber] [RecorderBuilder] [Loading Recorder Initialization Params] 
[2018-Mar-19-21:26:55.245][INFO] [Scrubber] [RecorderBuilder] [Done Building Recorder Config.] 
[2018-Mar-19-21:26:55.246][INFO] [Scrubber] [ScrubberBuilder] [Building Known Identifiers Config...] 
[2018-Mar-19-21:26:55.248][INFO] [Scrubber] [ScrubberBuilder] [Loading Saved Identifiers] 
[2018-Mar-19-21:26:55.315][INFO] [Scrubber] [ScrubberBuilder] [Names contained 85045 identifiers from conf/names.txt case sense=false to be replaced with xxxNAMExxx] 
[2018-Mar-19-21:26:55.319][INFO] [Scrubber] [ScrubberBuilder] [Institutions contained 157 identifiers from conf/hospital_names.txt case sense=false to be replaced with xxxHOSPITALxxx] 
[2018-Mar-19-21:26:55.332][INFO] [Scrubber] [ScrubberBuilder] [PrivateDictionary contained 3431 identifiers from conf/private_dict.txt case sense=false to be replaced with xxxPRIVATExxx] 
[2018-Mar-19-21:26:55.333][INFO] [Scrubber] [ScrubberBuilder] [Loading Regular Expressions] 
[2018-Mar-19-21:26:55.358][INFO] [Scrubber] [ScrubberBuilder] [Done Building Known Identifiers Config.] 
[2018-Mar-19-21:26:55.359][INFO] [Scrubber] [ScrubberBuilder] [Building XML Input Config...] 
[2018-Mar-19-21:26:55.361][INFO] [Scrubber] [ScrubberBuilder] [Input Validation Enabled, using schema location:] 
[2018-Mar-19-21:26:55.361][INFO] [Scrubber] [ScrubberBuilder] [Preparing INPUT paths containing identifiers...] 
[2018-Mar-19-21:26:55.362][INFO] [Scrubber] [ScrubberBuilder] [Loaded Identifier specified by:FirstName /Envelope/Header/Identifiers/FirstName replaced with: xxxFirstNamexxx] 
[2018-Mar-19-21:26:55.363][INFO] [Scrubber] [ScrubberBuilder] [Loaded Identifier specified by:LastName /Envelope/Header/Identifiers/LastName replaced with: xxxLastNamexxx] 
[2018-Mar-19-21:26:55.363][INFO] [Scrubber] [ScrubberBuilder] [Loaded Identifier specified by:DateOfBirth /Envelope/Header/Identifiers/DateOfBirth replaced with: xxxDateOfBirthxxx] 
[2018-Mar-19-21:26:55.364][INFO] [Scrubber] [ScrubberBuilder] [Loaded Identifier specified by:AccessionNumber /Envelope/Header/Identifiers/AccessionNumber replaced with: xxxAccessionNumberxxx] 
[2018-Mar-19-21:26:55.364][INFO] [Scrubber] [ScrubberBuilder] [Loaded Identifier specified by:LocalMRN /Envelope/Header/Identifiers/LocalMRN replaced with: xxxLocalMRNxxx] 
[2018-Mar-19-21:26:55.365][INFO] [Scrubber] [ScrubberBuilder] [Loaded Identifier specified by:TissueAcquisitionDate /Envelope/Body/PathologyCase/@TissueAcquisitionDate replaced with: xxxDATExxx] 
[2018-Mar-19-21:26:55.365][INFO] [Scrubber] [ScrubberBuilder] [Loaded Identifier specified by:ReportDate /Envelope/Body/PathologyCase/FullReportData/@ReportDate replaced with: xxxDATExxx] 
[2018-Mar-19-21:26:55.366][INFO] [Scrubber] [ScrubberBuilder] [Loaded scrubbing target specified by ClinicalInformation /Envelope/Body/PathologyCase/Clinical/ClinicalInformation] 
[2018-Mar-19-21:26:55.366][INFO] [Scrubber] [ScrubberBuilder] [Loaded scrubbing target specified by SpecimenGrossDescription /Envelope/Body/PathologyCase/Specimen/GrossDescription/Text] 
[2018-Mar-19-21:26:55.367][INFO] [Scrubber] [ScrubberBuilder] [Loaded scrubbing target specified by GrossDescription /Envelope/Body/PathologyCase/GrossDescriptionText] 
[2018-Mar-19-21:26:55.367][INFO] [Scrubber] [ScrubberBuilder] [Loaded scrubbing target specified by DiagnosisText /Envelope/Body/PathologyCase/DiagnosisText] 
[2018-Mar-19-21:26:55.368][INFO] [Scrubber] [ScrubberBuilder] [Loaded scrubbing target specified by FullReportText /Envelope/Body/PathologyCase/FullReportText] 
[2018-Mar-19-21:26:55.368][INFO] [Scrubber] [ScrubberBuilder] [Loaded scrubbing target specified by FullReportData /Envelope/Body/PathologyCase/FullReportData
				] 
[2018-Mar-19-21:26:55.369][INFO] [Scrubber] [ScrubberBuilder] [Done building XML Input Config...] 
[2018-Mar-19-21:26:55.370][INFO] [Scrubber] [BatchBuilder] [Creating batch configuration...] 
[2018-Mar-19-21:26:55.373][INFO] [Scrubber] [BatchBuilder] [Adding label: Names and file: conf/names.txt] 
[2018-Mar-19-21:26:55.434][INFO] [Scrubber] [BatchBuilder] [Adding label: Institutions and file: conf/hospital_names.txt] 
[2018-Mar-19-21:26:55.435][INFO] [Scrubber] [BatchBuilder] [Adding label: PrivateDictionary and file: conf/private_dict.txt] 
[2018-Mar-19-21:26:55.440][INFO] [Scrubber] [BatchBuilder] [Adding label: REGEX_0 and file: conf/regex.txt] 
[2018-Mar-19-21:26:55.443][INFO] [Scrubber] [BatchBuilder] [Done creating batch configuration...] 
[2018-Mar-19-21:26:55.446][INFO] [Scrubber] [BatchProcessor] [Initializing BatchProcessor:ao_2018-03-19#09.26.55PM] 
[2018-Mar-19-21:26:55.462][INFO] [Scrubber] [BatchProcessor] [BatchProcessor initialized at location:/Users/ao/Desktop/graduate-Ao/Tools/HMS-Scrubber/Experiment/scrubber-core-2.8/ao_2018-03-19#09.26.55PM] 
[2018-Mar-19-21:26:55.462][INFO] [Scrubber] [BatchProcessor] [Fetching input files in path:/Users/ao/Desktop/graduate-Ao/Tools/HMS-Scrubber/Experiment/scrubber-core-2.8/test/scrubber_test_set/testcase.xml] 
[2018-Mar-19-21:26:55.463][INFO] [Scrubber] [BatchProcessor] [Fetched 1 input files] 
[2018-Mar-19-21:26:55.464][INFO] [Scrubber] [BatchProcessor] [Current:test/scrubber_test_set/testcase.xml [1/1]  0 % complete  Totals:  [0 processed ] [0 failed ]] 
[2018-Mar-19-21:33:59.528][INFO] [Scrubber] [BatchProcessor] [Scrubbing complete,  Total:1  Success:1  Failed:0] 
[2018-Mar-21-18:27:36.423][WARN] [Scrubber] [DefaultBatchRunner] [Configuration schema was unavailable, configuration was not validated.] 
[2018-Mar-21-18:27:36.602][INFO] [Scrubber] [RecorderBuilder] [Building Recorder Config...] 
[2018-Mar-21-18:27:36.605][INFO] [Scrubber] [RecorderBuilder] [Loading Recorder Initialization Params] 
[2018-Mar-21-18:27:36.606][INFO] [Scrubber] [RecorderBuilder] [Done Building Recorder Config.] 
[2018-Mar-21-18:27:36.607][INFO] [Scrubber] [ScrubberBuilder] [Building Known Identifiers Config...] 
[2018-Mar-21-18:27:36.609][INFO] [Scrubber] [ScrubberBuilder] [Loading Saved Identifiers] 
[2018-Mar-21-18:27:36.661][INFO] [Scrubber] [ScrubberBuilder] [Names contained 85045 identifiers from conf/names.txt case sense=false to be replaced with xxxNAMExxx] 
[2018-Mar-21-18:27:36.666][INFO] [Scrubber] [ScrubberBuilder] [Institutions contained 157 identifiers from conf/hospital_names.txt case sense=false to be replaced with xxxHOSPITALxxx] 
[2018-Mar-21-18:27:36.668][INFO] [Scrubber] [ScrubberBuilder] [Institutions contained 152 identifiers from conf/positionDictionary.txt case sense=false to be replaced with xxxPOSITIONxxx] 
[2018-Mar-21-18:27:36.677][INFO] [Scrubber] [ScrubberBuilder] [PrivateDictionary contained 3431 identifiers from conf/private_dict.txt case sense=false to be replaced with xxxxPRIVATExxx] 
[2018-Mar-21-18:27:36.678][INFO] [Scrubber] [ScrubberBuilder] [Loading Regular Expressions] 
[2018-Mar-21-18:27:36.700][INFO] [Scrubber] [ScrubberBuilder] [Done Building Known Identifiers Config.] 
[2018-Mar-21-18:27:36.701][INFO] [Scrubber] [ScrubberBuilder] [Building XML Input Config...] 
[2018-Mar-21-18:27:36.703][INFO] [Scrubber] [ScrubberBuilder] [Input Validation Enabled, using schema location:] 
[2018-Mar-21-18:27:36.704][INFO] [Scrubber] [ScrubberBuilder] [Preparing INPUT paths containing identifiers...] 
[2018-Mar-21-18:27:36.705][INFO] [Scrubber] [ScrubberBuilder] [Loaded Identifier specified by:FirstName /Envelope/Header/Identifiers/FirstName replaced with: xxxFirstNamexxx] 
[2018-Mar-21-18:27:36.706][INFO] [Scrubber] [ScrubberBuilder] [Loaded Identifier specified by:LastName /Envelope/Header/Identifiers/LastName replaced with: xxxLastNamexxx] 
[2018-Mar-21-18:27:36.707][INFO] [Scrubber] [ScrubberBuilder] [Loaded Identifier specified by:DateOfBirth /Envelope/Header/Identifiers/DateOfBirth replaced with: xxxDateOfBirthxxx] 
[2018-Mar-21-18:27:36.708][INFO] [Scrubber] [ScrubberBuilder] [Loaded Identifier specified by:AccessionNumber /Envelope/Header/Identifiers/AccessionNumber replaced with: xxxAccessionNumberxxx] 
[2018-Mar-21-18:27:36.709][INFO] [Scrubber] [ScrubberBuilder] [Loaded Identifier specified by:LocalMRN /Envelope/Header/Identifiers/LocalMRN replaced with: xxxLocalMRNxxx] 
[2018-Mar-21-18:27:36.710][INFO] [Scrubber] [ScrubberBuilder] [Loaded Identifier specified by:TissueAcquisitionDate /Envelope/Body/PathologyCase/@TissueAcquisitionDate replaced with: xxxDATExxx] 
[2018-Mar-21-18:27:36.711][INFO] [Scrubber] [ScrubberBuilder] [Loaded Identifier specified by:ReportDate /Envelope/Body/PathologyCase/FullReportData/@ReportDate replaced with: xxxDATExxx] 
[2018-Mar-21-18:27:36.712][INFO] [Scrubber] [ScrubberBuilder] [Loaded scrubbing target specified by ClinicalInformation /Envelope/Body/PathologyCase/Clinical/ClinicalInformation] 
[2018-Mar-21-18:27:36.712][INFO] [Scrubber] [ScrubberBuilder] [Loaded scrubbing target specified by SpecimenGrossDescription /Envelope/Body/PathologyCase/Specimen/GrossDescription/Text] 
[2018-Mar-21-18:27:36.712][INFO] [Scrubber] [ScrubberBuilder] [Loaded scrubbing target specified by GrossDescription /Envelope/Body/PathologyCase/GrossDescriptionText] 
[2018-Mar-21-18:27:36.713][INFO] [Scrubber] [ScrubberBuilder] [Loaded scrubbing target specified by DiagnosisText /Envelope/Body/PathologyCase/DiagnosisText] 
[2018-Mar-21-18:27:36.713][INFO] [Scrubber] [ScrubberBuilder] [Loaded scrubbing target specified by FullReportText /Envelope/Body/PathologyCase/FullReportText] 
[2018-Mar-21-18:27:36.714][INFO] [Scrubber] [ScrubberBuilder] [Loaded scrubbing target specified by FullReportData /Envelope/Body/PathologyCase/FullReportData
				] 
[2018-Mar-21-18:27:36.714][INFO] [Scrubber] [ScrubberBuilder] [Done building XML Input Config...] 
[2018-Mar-21-18:27:36.715][INFO] [Scrubber] [BatchBuilder] [Creating batch configuration...] 
[2018-Mar-21-18:27:36.717][INFO] [Scrubber] [BatchBuilder] [Adding label: Names and file: conf/names.txt] 
[2018-Mar-21-18:27:36.784][INFO] [Scrubber] [BatchBuilder] [Adding label: Institutions and file: conf/hospital_names.txt] 
[2018-Mar-21-18:27:36.785][INFO] [Scrubber] [BatchBuilder] [Adding label: Institutions and file: conf/positionDictionary.txt] 
[2018-Mar-21-18:27:36.786][INFO] [Scrubber] [BatchBuilder] [Adding label: PrivateDictionary and file: conf/private_dict.txt] 
[2018-Mar-21-18:27:36.789][INFO] [Scrubber] [BatchBuilder] [Adding label: REGEX_0 and file: conf/regex.txt] 
[2018-Mar-21-18:27:36.791][INFO] [Scrubber] [BatchBuilder] [Done creating batch configuration...] 
[2018-Mar-21-18:27:36.793][INFO] [Scrubber] [BatchProcessor] [Initializing BatchProcessor:ao_2018-03-21#06.27.36PM] 
[2018-Mar-21-18:27:36.817][INFO] [Scrubber] [BatchProcessor] [BatchProcessor initialized at location:/Users/ao/Desktop/graduate-Ao/Tools/HMS-Scrubber/Experiment/scrubber-core-2.8/ao_2018-03-21#06.27.36PM] 
[2018-Mar-21-18:27:36.818][INFO] [Scrubber] [BatchProcessor] [Fetching input files in path:/Users/ao/Desktop/graduate-Ao/Tools/HMS-Scrubber/Experiment/scrubber-core-2.8/test/scrubber_test_set/testcase.xml] 
[2018-Mar-21-18:27:36.818][INFO] [Scrubber] [BatchProcessor] [Fetched 1 input files] 
[2018-Mar-21-18:27:36.820][INFO] [Scrubber] [BatchProcessor] [Current:/Users/ao/Desktop/graduate-Ao/Tools/HMS-Scrubber/Experiment/scrubber-core-2.8/test/scrubber_test_set/testcase.xml [1/1]  0 % complete  Totals:  [0 processed ] [0 failed ]] 
[2018-Mar-21-18:35:51.982][INFO] [Scrubber] [BatchProcessor] [Scrubbing complete,  Total:1  Success:1  Failed:0] 
[2018-Mar-22-10:25:04.304][WARN] [Scrubber] [DefaultBatchRunner] [Configuration schema was unavailable, configuration was not validated.] 
[2018-Mar-22-10:25:04.485][INFO] [Scrubber] [RecorderBuilder] [Building Recorder Config...] 
[2018-Mar-22-10:25:04.488][INFO] [Scrubber] [RecorderBuilder] [Loading Recorder Initialization Params] 
[2018-Mar-22-10:25:04.489][INFO] [Scrubber] [RecorderBuilder] [Done Building Recorder Config.] 
[2018-Mar-22-10:25:04.490][INFO] [Scrubber] [ScrubberBuilder] [Building Known Identifiers Config...] 
[2018-Mar-22-10:25:04.491][INFO] [Scrubber] [ScrubberBuilder] [Loading Saved Identifiers] 
[2018-Mar-22-10:25:04.541][INFO] [Scrubber] [ScrubberBuilder] [Names contained 85045 identifiers from conf/names.txt case sense=false to be replaced with xxxNAMExxx] 
[2018-Mar-22-10:25:04.546][INFO] [Scrubber] [ScrubberBuilder] [Institutions contained 157 identifiers from conf/hospital_names.txt case sense=false to be replaced with xxxHOSPITALxxx] 
[2018-Mar-22-10:25:04.547][INFO] [Scrubber] [ScrubberBuilder] [Institutions contained 0 identifiers from conf/positionDictionary.txt case sense=false to be replaced with xxxPOSITIONxxx] 
[2018-Mar-22-10:25:04.558][INFO] [Scrubber] [ScrubberBuilder] [PrivateDictionary contained 3431 identifiers from conf/private_dict.txt case sense=false to be replaced with xxxxPRIVATExxx] 
[2018-Mar-22-10:25:04.559][INFO] [Scrubber] [ScrubberBuilder] [Loading Regular Expressions] 
[2018-Mar-22-10:25:04.582][INFO] [Scrubber] [ScrubberBuilder] [Done Building Known Identifiers Config.] 
[2018-Mar-22-10:25:04.584][INFO] [Scrubber] [ScrubberBuilder] [Building XML Input Config...] 
[2018-Mar-22-10:25:04.585][INFO] [Scrubber] [ScrubberBuilder] [Input Validation Enabled, using schema location:] 
[2018-Mar-22-10:25:04.586][INFO] [Scrubber] [ScrubberBuilder] [Preparing INPUT paths containing identifiers...] 
[2018-Mar-22-10:25:04.587][INFO] [Scrubber] [ScrubberBuilder] [Loaded Identifier specified by:FirstName /Envelope/Header/Identifiers/FirstName replaced with: xxxFirstNamexxx] 
[2018-Mar-22-10:25:04.588][INFO] [Scrubber] [ScrubberBuilder] [Loaded Identifier specified by:LastName /Envelope/Header/Identifiers/LastName replaced with: xxxLastNamexxx] 
[2018-Mar-22-10:25:04.588][INFO] [Scrubber] [ScrubberBuilder] [Loaded Identifier specified by:DateOfBirth /Envelope/Header/Identifiers/DateOfBirth replaced with: xxxDateOfBirthxxx] 
[2018-Mar-22-10:25:04.589][INFO] [Scrubber] [ScrubberBuilder] [Loaded Identifier specified by:AccessionNumber /Envelope/Header/Identifiers/AccessionNumber replaced with: xxxAccessionNumberxxx] 
[2018-Mar-22-10:25:04.589][INFO] [Scrubber] [ScrubberBuilder] [Loaded Identifier specified by:LocalMRN /Envelope/Header/Identifiers/LocalMRN replaced with: xxxLocalMRNxxx] 
[2018-Mar-22-10:25:04.590][INFO] [Scrubber] [ScrubberBuilder] [Loaded Identifier specified by:TissueAcquisitionDate /Envelope/Body/PathologyCase/@TissueAcquisitionDate replaced with: xxxDATExxx] 
[2018-Mar-22-10:25:04.590][INFO] [Scrubber] [ScrubberBuilder] [Loaded Identifier specified by:ReportDate /Envelope/Body/PathologyCase/FullReportData/@ReportDate replaced with: xxxDATExxx] 
[2018-Mar-22-10:25:04.591][INFO] [Scrubber] [ScrubberBuilder] [Loaded scrubbing target specified by ClinicalInformation /Envelope/Body/PathologyCase/Clinical/ClinicalInformation] 
[2018-Mar-22-10:25:04.591][INFO] [Scrubber] [ScrubberBuilder] [Loaded scrubbing target specified by SpecimenGrossDescription /Envelope/Body/PathologyCase/Specimen/GrossDescription/Text] 
[2018-Mar-22-10:25:04.591][INFO] [Scrubber] [ScrubberBuilder] [Loaded scrubbing target specified by GrossDescription /Envelope/Body/PathologyCase/GrossDescriptionText] 
[2018-Mar-22-10:25:04.592][INFO] [Scrubber] [ScrubberBuilder] [Loaded scrubbing target specified by DiagnosisText /Envelope/Body/PathologyCase/DiagnosisText] 
[2018-Mar-22-10:25:04.592][INFO] [Scrubber] [ScrubberBuilder] [Loaded scrubbing target specified by FullReportText /Envelope/Body/PathologyCase/FullReportText] 
[2018-Mar-22-10:25:04.593][INFO] [Scrubber] [ScrubberBuilder] [Loaded scrubbing target specified by FullReportData /Envelope/Body/PathologyCase/FullReportData
				] 
[2018-Mar-22-10:25:04.594][INFO] [Scrubber] [ScrubberBuilder] [Done building XML Input Config...] 
[2018-Mar-22-10:25:04.596][INFO] [Scrubber] [BatchBuilder] [Creating batch configuration...] 
[2018-Mar-22-10:25:04.598][INFO] [Scrubber] [BatchBuilder] [Adding label: Names and file: conf/names.txt] 
[2018-Mar-22-10:25:04.665][INFO] [Scrubber] [BatchBuilder] [Adding label: Institutions and file: conf/hospital_names.txt] 
[2018-Mar-22-10:25:04.666][INFO] [Scrubber] [BatchBuilder] [Adding label: Institutions and file: conf/positionDictionary.txt] 
[2018-Mar-22-10:25:04.667][INFO] [Scrubber] [BatchBuilder] [Adding label: PrivateDictionary and file: conf/private_dict.txt] 
[2018-Mar-22-10:25:04.671][INFO] [Scrubber] [BatchBuilder] [Adding label: REGEX_0 and file: conf/regex.txt] 
[2018-Mar-22-10:25:04.672][INFO] [Scrubber] [BatchBuilder] [Done creating batch configuration...] 
[2018-Mar-22-10:25:04.674][INFO] [Scrubber] [BatchProcessor] [Initializing BatchProcessor:ao_2018-03-22#10.25.04AM] 
[2018-Mar-22-10:25:04.697][INFO] [Scrubber] [BatchProcessor] [BatchProcessor initialized at location:/Users/ao/Desktop/graduate-Ao/Tools/HMS-Scrubber/Experiment/scrubber-core-2.8/ao_2018-03-22#10.25.04AM] 
[2018-Mar-22-10:25:04.697][INFO] [Scrubber] [BatchProcessor] [Fetching input files in path:/Users/ao/Desktop/graduate-Ao/Tools/HMS-Scrubber/Experiment/scrubber-core-2.8/process/test90/original_test90.xml] 
[2018-Mar-22-10:25:04.698][INFO] [Scrubber] [BatchProcessor] [Fetched 1 input files] 
[2018-Mar-22-10:25:04.698][INFO] [Scrubber] [BatchProcessor] [Current:/Users/ao/Desktop/graduate-Ao/Tools/HMS-Scrubber/Experiment/scrubber-core-2.8/process/test90/original_test90.xml [1/1]  0 % complete  Totals:  [0 processed ] [0 failed ]] 
[2018-Mar-22-10:25:09.200][FATAL] [Scrubber] [DefaultBatchRunner] [Failed to build Configuration:Illegal/unsupported escape sequence near index 58
(\W|\b)="DOCTOR">khu<\/PHI>
\\\\[ report_end \\\]
<\/(\W|\b)
                                                          ^] 
[2018-Mar-22-10:28:12.185][WARN] [Scrubber] [DefaultBatchRunner] [Configuration schema was unavailable, configuration was not validated.] 
[2018-Mar-22-10:28:12.313][INFO] [Scrubber] [RecorderBuilder] [Building Recorder Config...] 
[2018-Mar-22-10:28:12.316][INFO] [Scrubber] [RecorderBuilder] [Loading Recorder Initialization Params] 
[2018-Mar-22-10:28:12.316][INFO] [Scrubber] [RecorderBuilder] [Done Building Recorder Config.] 
[2018-Mar-22-10:28:12.318][INFO] [Scrubber] [ScrubberBuilder] [Building Known Identifiers Config...] 
[2018-Mar-22-10:28:12.319][INFO] [Scrubber] [ScrubberBuilder] [Loading Saved Identifiers] 
[2018-Mar-22-10:28:12.371][INFO] [Scrubber] [ScrubberBuilder] [Names contained 85045 identifiers from conf/names.txt case sense=false to be replaced with xxxNAMExxx] 
[2018-Mar-22-10:28:12.375][INFO] [Scrubber] [ScrubberBuilder] [Institutions contained 157 identifiers from conf/hospital_names.txt case sense=false to be replaced with xxxHOSPITALxxx] 
[2018-Mar-22-10:28:12.375][INFO] [Scrubber] [ScrubberBuilder] [Institutions contained 0 identifiers from conf/positionDictionary.txt case sense=false to be replaced with xxxPOSITIONxxx] 
[2018-Mar-22-10:28:12.387][INFO] [Scrubber] [ScrubberBuilder] [PrivateDictionary contained 3431 identifiers from conf/private_dict.txt case sense=false to be replaced with xxxxPRIVATExxx] 
[2018-Mar-22-10:28:12.388][INFO] [Scrubber] [ScrubberBuilder] [Loading Regular Expressions] 
[2018-Mar-22-10:28:12.410][INFO] [Scrubber] [ScrubberBuilder] [Done Building Known Identifiers Config.] 
[2018-Mar-22-10:28:12.412][INFO] [Scrubber] [ScrubberBuilder] [Building XML Input Config...] 
[2018-Mar-22-10:28:12.413][INFO] [Scrubber] [ScrubberBuilder] [Input Validation Enabled, using schema location:] 
[2018-Mar-22-10:28:12.414][INFO] [Scrubber] [ScrubberBuilder] [Preparing INPUT paths containing identifiers...] 
[2018-Mar-22-10:28:12.415][INFO] [Scrubber] [ScrubberBuilder] [Loaded Identifier specified by:FirstName /Envelope/Header/Identifiers/FirstName replaced with: xxxFirstNamexxx] 
[2018-Mar-22-10:28:12.415][INFO] [Scrubber] [ScrubberBuilder] [Loaded Identifier specified by:LastName /Envelope/Header/Identifiers/LastName replaced with: xxxLastNamexxx] 
[2018-Mar-22-10:28:12.416][INFO] [Scrubber] [ScrubberBuilder] [Loaded Identifier specified by:DateOfBirth /Envelope/Header/Identifiers/DateOfBirth replaced with: xxxDateOfBirthxxx] 
[2018-Mar-22-10:28:12.417][INFO] [Scrubber] [ScrubberBuilder] [Loaded Identifier specified by:AccessionNumber /Envelope/Header/Identifiers/AccessionNumber replaced with: xxxAccessionNumberxxx] 
[2018-Mar-22-10:28:12.417][INFO] [Scrubber] [ScrubberBuilder] [Loaded Identifier specified by:LocalMRN /Envelope/Header/Identifiers/LocalMRN replaced with: xxxLocalMRNxxx] 
[2018-Mar-22-10:28:12.418][INFO] [Scrubber] [ScrubberBuilder] [Loaded Identifier specified by:TissueAcquisitionDate /Envelope/Body/PathologyCase/@TissueAcquisitionDate replaced with: xxxDATExxx] 
[2018-Mar-22-10:28:12.418][INFO] [Scrubber] [ScrubberBuilder] [Loaded Identifier specified by:ReportDate /Envelope/Body/PathologyCase/FullReportData/@ReportDate replaced with: xxxDATExxx] 
[2018-Mar-22-10:28:12.420][INFO] [Scrubber] [ScrubberBuilder] [Loaded scrubbing target specified by ClinicalInformation /Envelope/Body/PathologyCase/Clinical/ClinicalInformation] 
[2018-Mar-22-10:28:12.421][INFO] [Scrubber] [ScrubberBuilder] [Loaded scrubbing target specified by SpecimenGrossDescription /Envelope/Body/PathologyCase/Specimen/GrossDescription/Text] 
[2018-Mar-22-10:28:12.421][INFO] [Scrubber] [ScrubberBuilder] [Loaded scrubbing target specified by GrossDescription /Envelope/Body/PathologyCase/GrossDescriptionText] 
[2018-Mar-22-10:28:12.422][INFO] [Scrubber] [ScrubberBuilder] [Loaded scrubbing target specified by DiagnosisText /Envelope/Body/PathologyCase/DiagnosisText] 
[2018-Mar-22-10:28:12.422][INFO] [Scrubber] [ScrubberBuilder] [Loaded scrubbing target specified by FullReportText /Envelope/Body/PathologyCase/FullReportText] 
[2018-Mar-22-10:28:12.423][INFO] [Scrubber] [ScrubberBuilder] [Loaded scrubbing target specified by FullReportData /Envelope/Body/PathologyCase/FullReportData
				] 
[2018-Mar-22-10:28:12.423][INFO] [Scrubber] [ScrubberBuilder] [Done building XML Input Config...] 
[2018-Mar-22-10:28:12.424][INFO] [Scrubber] [BatchBuilder] [Creating batch configuration...] 
[2018-Mar-22-10:28:12.426][INFO] [Scrubber] [BatchBuilder] [Adding label: Names and file: conf/names.txt] 
[2018-Mar-22-10:28:12.476][INFO] [Scrubber] [BatchBuilder] [Adding label: Institutions and file: conf/hospital_names.txt] 
[2018-Mar-22-10:28:12.477][INFO] [Scrubber] [BatchBuilder] [Adding label: Institutions and file: conf/positionDictionary.txt] 
[2018-Mar-22-10:28:12.478][INFO] [Scrubber] [BatchBuilder] [Adding label: PrivateDictionary and file: conf/private_dict.txt] 
[2018-Mar-22-10:28:12.481][INFO] [Scrubber] [BatchBuilder] [Adding label: REGEX_0 and file: conf/regex.txt] 
[2018-Mar-22-10:28:12.482][INFO] [Scrubber] [BatchBuilder] [Done creating batch configuration...] 
[2018-Mar-22-10:28:12.486][INFO] [Scrubber] [BatchProcessor] [Initializing BatchProcessor:ao_2018-03-22#10.28.12AM] 
[2018-Mar-22-10:28:12.499][INFO] [Scrubber] [BatchProcessor] [BatchProcessor initialized at location:/Users/ao/Desktop/graduate-Ao/Tools/HMS-Scrubber/Experiment/scrubber-core-2.8/ao_2018-03-22#10.28.12AM] 
[2018-Mar-22-10:28:12.500][INFO] [Scrubber] [BatchProcessor] [Fetching input files in path:/Users/ao/Desktop/graduate-Ao/Tools/HMS-Scrubber/Experiment/scrubber-core-2.8/process/test90/original_test90.xml] 
[2018-Mar-22-10:28:12.500][INFO] [Scrubber] [BatchProcessor] [Fetched 1 input files] 
[2018-Mar-22-10:28:12.501][INFO] [Scrubber] [BatchProcessor] [Current:/Users/ao/Desktop/graduate-Ao/Tools/HMS-Scrubber/Experiment/scrubber-core-2.8/process/test90/original_test90.xml [1/1]  0 % complete  Totals:  [0 processed ] [0 failed ]] 
[2018-Mar-22-10:28:20.216][INFO] [Scrubber] [BatchProcessor] [Scrubbing complete,  Total:1  Success:1  Failed:0] 
[2018-Mar-22-10:36:43.278][WARN] [Scrubber] [DefaultBatchRunner] [Configuration schema was unavailable, configuration was not validated.] 
[2018-Mar-22-10:36:43.404][INFO] [Scrubber] [RecorderBuilder] [Building Recorder Config...] 
[2018-Mar-22-10:36:43.407][INFO] [Scrubber] [RecorderBuilder] [Loading Recorder Initialization Params] 
[2018-Mar-22-10:36:43.407][INFO] [Scrubber] [RecorderBuilder] [Done Building Recorder Config.] 
[2018-Mar-22-10:36:43.409][INFO] [Scrubber] [ScrubberBuilder] [Building Known Identifiers Config...] 
[2018-Mar-22-10:36:43.410][INFO] [Scrubber] [ScrubberBuilder] [Loading Saved Identifiers] 
[2018-Mar-22-10:36:43.458][INFO] [Scrubber] [ScrubberBuilder] [Names contained 85045 identifiers from conf/names.txt case sense=false to be replaced with xxxNAMExxx] 
[2018-Mar-22-10:36:43.462][INFO] [Scrubber] [ScrubberBuilder] [Institutions contained 157 identifiers from conf/hospital_names.txt case sense=false to be replaced with xxxHOSPITALxxx] 
[2018-Mar-22-10:36:43.463][INFO] [Scrubber] [ScrubberBuilder] [Institutions contained 230 identifiers from conf/positionDictionary90.txt case sense=false to be replaced with xxxPOSITIONxxx] 
[2018-Mar-22-10:36:43.473][INFO] [Scrubber] [ScrubberBuilder] [PrivateDictionary contained 3431 identifiers from conf/private_dict.txt case sense=false to be replaced with xxxxPRIVATExxx] 
[2018-Mar-22-10:36:43.474][INFO] [Scrubber] [ScrubberBuilder] [Loading Regular Expressions] 
[2018-Mar-22-10:36:43.495][INFO] [Scrubber] [ScrubberBuilder] [Done Building Known Identifiers Config.] 
[2018-Mar-22-10:36:43.497][INFO] [Scrubber] [ScrubberBuilder] [Building XML Input Config...] 
[2018-Mar-22-10:36:43.498][INFO] [Scrubber] [ScrubberBuilder] [Input Validation Enabled, using schema location:] 
[2018-Mar-22-10:36:43.499][INFO] [Scrubber] [ScrubberBuilder] [Preparing INPUT paths containing identifiers...] 
[2018-Mar-22-10:36:43.500][INFO] [Scrubber] [ScrubberBuilder] [Loaded Identifier specified by:FirstName /Envelope/Header/Identifiers/FirstName replaced with: xxxFirstNamexxx] 
[2018-Mar-22-10:36:43.500][INFO] [Scrubber] [ScrubberBuilder] [Loaded Identifier specified by:LastName /Envelope/Header/Identifiers/LastName replaced with: xxxLastNamexxx] 
[2018-Mar-22-10:36:43.501][INFO] [Scrubber] [ScrubberBuilder] [Loaded Identifier specified by:DateOfBirth /Envelope/Header/Identifiers/DateOfBirth replaced with: xxxDateOfBirthxxx] 
[2018-Mar-22-10:36:43.501][INFO] [Scrubber] [ScrubberBuilder] [Loaded Identifier specified by:AccessionNumber /Envelope/Header/Identifiers/AccessionNumber replaced with: xxxAccessionNumberxxx] 
[2018-Mar-22-10:36:43.502][INFO] [Scrubber] [ScrubberBuilder] [Loaded Identifier specified by:LocalMRN /Envelope/Header/Identifiers/LocalMRN replaced with: xxxLocalMRNxxx] 
[2018-Mar-22-10:36:43.502][INFO] [Scrubber] [ScrubberBuilder] [Loaded Identifier specified by:TissueAcquisitionDate /Envelope/Body/PathologyCase/@TissueAcquisitionDate replaced with: xxxDATExxx] 
[2018-Mar-22-10:36:43.503][INFO] [Scrubber] [ScrubberBuilder] [Loaded Identifier specified by:ReportDate /Envelope/Body/PathologyCase/FullReportData/@ReportDate replaced with: xxxDATExxx] 
[2018-Mar-22-10:36:43.504][INFO] [Scrubber] [ScrubberBuilder] [Loaded scrubbing target specified by ClinicalInformation /Envelope/Body/PathologyCase/Clinical/ClinicalInformation] 
[2018-Mar-22-10:36:43.505][INFO] [Scrubber] [ScrubberBuilder] [Loaded scrubbing target specified by SpecimenGrossDescription /Envelope/Body/PathologyCase/Specimen/GrossDescription/Text] 
[2018-Mar-22-10:36:43.506][INFO] [Scrubber] [ScrubberBuilder] [Loaded scrubbing target specified by GrossDescription /Envelope/Body/PathologyCase/GrossDescriptionText] 
[2018-Mar-22-10:36:43.507][INFO] [Scrubber] [ScrubberBuilder] [Loaded scrubbing target specified by DiagnosisText /Envelope/Body/PathologyCase/DiagnosisText] 
[2018-Mar-22-10:36:43.507][INFO] [Scrubber] [ScrubberBuilder] [Loaded scrubbing target specified by FullReportText /Envelope/Body/PathologyCase/FullReportText] 
[2018-Mar-22-10:36:43.508][INFO] [Scrubber] [ScrubberBuilder] [Loaded scrubbing target specified by FullReportData /Envelope/Body/PathologyCase/FullReportData
				] 
[2018-Mar-22-10:36:43.508][INFO] [Scrubber] [ScrubberBuilder] [Done building XML Input Config...] 
[2018-Mar-22-10:36:43.509][INFO] [Scrubber] [BatchBuilder] [Creating batch configuration...] 
[2018-Mar-22-10:36:43.510][INFO] [Scrubber] [BatchBuilder] [Adding label: Names and file: conf/names.txt] 
[2018-Mar-22-10:36:43.565][INFO] [Scrubber] [BatchBuilder] [Adding label: Institutions and file: conf/hospital_names.txt] 
[2018-Mar-22-10:36:43.566][INFO] [Scrubber] [BatchBuilder] [Adding label: Institutions and file: conf/positionDictionary90.txt] 
[2018-Mar-22-10:36:43.567][INFO] [Scrubber] [BatchBuilder] [Adding label: PrivateDictionary and file: conf/private_dict.txt] 
[2018-Mar-22-10:36:43.570][INFO] [Scrubber] [BatchBuilder] [Adding label: REGEX_0 and file: conf/regex.txt] 
[2018-Mar-22-10:36:43.571][INFO] [Scrubber] [BatchBuilder] [Done creating batch configuration...] 
[2018-Mar-22-10:36:43.574][INFO] [Scrubber] [BatchProcessor] [Initializing BatchProcessor:ao_2018-03-22#10.36.43AM] 
[2018-Mar-22-10:36:43.587][INFO] [Scrubber] [BatchProcessor] [BatchProcessor initialized at location:/Users/ao/Desktop/graduate-Ao/Tools/HMS-Scrubber/Experiment/scrubber-core-2.8/ao_2018-03-22#10.36.43AM] 
[2018-Mar-22-10:36:43.588][INFO] [Scrubber] [BatchProcessor] [Fetching input files in path:/Users/ao/Desktop/graduate-Ao/Tools/HMS-Scrubber/Experiment/scrubber-core-2.8/process/test90/original_test90.xml] 
[2018-Mar-22-10:36:43.588][INFO] [Scrubber] [BatchProcessor] [Fetched 1 input files] 
[2018-Mar-22-10:36:43.589][INFO] [Scrubber] [BatchProcessor] [Current:/Users/ao/Desktop/graduate-Ao/Tools/HMS-Scrubber/Experiment/scrubber-core-2.8/process/test90/original_test90.xml [1/1]  0 % complete  Totals:  [0 processed ] [0 failed ]] 
[2018-Mar-22-10:36:51.851][INFO] [Scrubber] [BatchProcessor] [Scrubbing complete,  Total:1  Success:1  Failed:0] 
[2018-Mar-22-11:03:20.681][WARN] [Scrubber] [DefaultBatchRunner] [Configuration schema was unavailable, configuration was not validated.] 
[2018-Mar-22-11:03:20.807][INFO] [Scrubber] [RecorderBuilder] [Building Recorder Config...] 
[2018-Mar-22-11:03:20.809][INFO] [Scrubber] [RecorderBuilder] [Loading Recorder Initialization Params] 
[2018-Mar-22-11:03:20.810][INFO] [Scrubber] [RecorderBuilder] [Done Building Recorder Config.] 
[2018-Mar-22-11:03:20.811][INFO] [Scrubber] [ScrubberBuilder] [Building Known Identifiers Config...] 
[2018-Mar-22-11:03:20.812][INFO] [Scrubber] [ScrubberBuilder] [Loading Saved Identifiers] 
[2018-Mar-22-11:03:20.864][INFO] [Scrubber] [ScrubberBuilder] [Names contained 85045 identifiers from conf/names.txt case sense=false to be replaced with xxxNAMExxx] 
[2018-Mar-22-11:03:20.869][INFO] [Scrubber] [ScrubberBuilder] [Institutions contained 157 identifiers from conf/hospital_names.txt case sense=false to be replaced with xxxHOSPITALxxx] 
[2018-Mar-22-11:03:20.870][INFO] [Scrubber] [ScrubberBuilder] [Institutions contained 0 identifiers from conf/positionDictionary.txt case sense=false to be replaced with xxxPOSITIONxxx] 
[2018-Mar-22-11:03:20.880][INFO] [Scrubber] [ScrubberBuilder] [PrivateDictionary contained 3431 identifiers from conf/private_dict.txt case sense=false to be replaced with xxxxPRIVATExxx] 
[2018-Mar-22-11:03:20.881][INFO] [Scrubber] [ScrubberBuilder] [Loading Regular Expressions] 
[2018-Mar-22-11:03:20.903][INFO] [Scrubber] [ScrubberBuilder] [Done Building Known Identifiers Config.] 
[2018-Mar-22-11:03:20.905][INFO] [Scrubber] [ScrubberBuilder] [Building XML Input Config...] 
[2018-Mar-22-11:03:20.906][INFO] [Scrubber] [ScrubberBuilder] [Input Validation Enabled, using schema location:] 
[2018-Mar-22-11:03:20.907][INFO] [Scrubber] [ScrubberBuilder] [Preparing INPUT paths containing identifiers...] 
[2018-Mar-22-11:03:20.907][INFO] [Scrubber] [ScrubberBuilder] [Loaded Identifier specified by:FirstName /Envelope/Header/Identifiers/FirstName replaced with: xxxFirstNamexxx] 
[2018-Mar-22-11:03:20.908][INFO] [Scrubber] [ScrubberBuilder] [Loaded Identifier specified by:LastName /Envelope/Header/Identifiers/LastName replaced with: xxxLastNamexxx] 
[2018-Mar-22-11:03:20.908][INFO] [Scrubber] [ScrubberBuilder] [Loaded Identifier specified by:DateOfBirth /Envelope/Header/Identifiers/DateOfBirth replaced with: xxxDateOfBirthxxx] 
[2018-Mar-22-11:03:20.909][INFO] [Scrubber] [ScrubberBuilder] [Loaded Identifier specified by:AccessionNumber /Envelope/Header/Identifiers/AccessionNumber replaced with: xxxAccessionNumberxxx] 
[2018-Mar-22-11:03:20.909][INFO] [Scrubber] [ScrubberBuilder] [Loaded Identifier specified by:LocalMRN /Envelope/Header/Identifiers/LocalMRN replaced with: xxxLocalMRNxxx] 
[2018-Mar-22-11:03:20.909][INFO] [Scrubber] [ScrubberBuilder] [Loaded Identifier specified by:TissueAcquisitionDate /Envelope/Body/PathologyCase/@TissueAcquisitionDate replaced with: xxxDATExxx] 
[2018-Mar-22-11:03:20.910][INFO] [Scrubber] [ScrubberBuilder] [Loaded Identifier specified by:ReportDate /Envelope/Body/PathologyCase/FullReportData/@ReportDate replaced with: xxxDATExxx] 
[2018-Mar-22-11:03:20.912][INFO] [Scrubber] [ScrubberBuilder] [Loaded scrubbing target specified by ClinicalInformation /Envelope/Body/PathologyCase/Clinical/ClinicalInformation] 
[2018-Mar-22-11:03:20.913][INFO] [Scrubber] [ScrubberBuilder] [Loaded scrubbing target specified by SpecimenGrossDescription /Envelope/Body/PathologyCase/Specimen/GrossDescription/Text] 
[2018-Mar-22-11:03:20.913][INFO] [Scrubber] [ScrubberBuilder] [Loaded scrubbing target specified by GrossDescription /Envelope/Body/PathologyCase/GrossDescriptionText] 
[2018-Mar-22-11:03:20.913][INFO] [Scrubber] [ScrubberBuilder] [Loaded scrubbing target specified by DiagnosisText /Envelope/Body/PathologyCase/DiagnosisText] 
[2018-Mar-22-11:03:20.914][INFO] [Scrubber] [ScrubberBuilder] [Loaded scrubbing target specified by FullReportText /Envelope/Body/PathologyCase/FullReportText] 
[2018-Mar-22-11:03:20.914][INFO] [Scrubber] [ScrubberBuilder] [Loaded scrubbing target specified by FullReportData /Envelope/Body/PathologyCase/FullReportData
				] 
[2018-Mar-22-11:03:20.915][INFO] [Scrubber] [ScrubberBuilder] [Done building XML Input Config...] 
[2018-Mar-22-11:03:20.916][INFO] [Scrubber] [BatchBuilder] [Creating batch configuration...] 
[2018-Mar-22-11:03:20.917][INFO] [Scrubber] [BatchBuilder] [Adding label: Names and file: conf/names.txt] 
[2018-Mar-22-11:03:20.976][INFO] [Scrubber] [BatchBuilder] [Adding label: Institutions and file: conf/hospital_names.txt] 
[2018-Mar-22-11:03:20.977][INFO] [Scrubber] [BatchBuilder] [Adding label: Institutions and file: conf/positionDictionary.txt] 
[2018-Mar-22-11:03:20.978][INFO] [Scrubber] [BatchBuilder] [Adding label: PrivateDictionary and file: conf/private_dict.txt] 
[2018-Mar-22-11:03:20.981][INFO] [Scrubber] [BatchBuilder] [Adding label: REGEX_0 and file: conf/regex.txt] 
[2018-Mar-22-11:03:20.982][INFO] [Scrubber] [BatchBuilder] [Done creating batch configuration...] 
[2018-Mar-22-11:03:20.984][INFO] [Scrubber] [BatchProcessor] [Initializing BatchProcessor:ao_2018-03-22#11.03.20AM] 
[2018-Mar-22-11:03:21.000][INFO] [Scrubber] [BatchProcessor] [BatchProcessor initialized at location:/Users/ao/Desktop/graduate-Ao/Tools/HMS-Scrubber/Experiment/scrubber-core-2.8/ao_2018-03-22#11.03.20AM] 
[2018-Mar-22-11:03:21.001][INFO] [Scrubber] [BatchProcessor] [Fetching input files in path:/Users/ao/Desktop/graduate-Ao/Tools/HMS-Scrubber/Experiment/scrubber-core-2.8/process/test80/original_test80.xml] 
[2018-Mar-22-11:03:21.001][INFO] [Scrubber] [BatchProcessor] [Fetched 1 input files] 
[2018-Mar-22-11:03:21.002][INFO] [Scrubber] [BatchProcessor] [Current:/Users/ao/Desktop/graduate-Ao/Tools/HMS-Scrubber/Experiment/scrubber-core-2.8/process/test80/original_test80.xml [1/1]  0 % complete  Totals:  [0 processed ] [0 failed ]] 
[2018-Mar-22-11:03:43.050][INFO] [Scrubber] [BatchProcessor] [Scrubbing complete,  Total:1  Success:1  Failed:0] 
[2018-Mar-22-11:07:33.717][WARN] [Scrubber] [DefaultBatchRunner] [Configuration schema was unavailable, configuration was not validated.] 
[2018-Mar-22-11:07:33.852][INFO] [Scrubber] [RecorderBuilder] [Building Recorder Config...] 
[2018-Mar-22-11:07:33.854][INFO] [Scrubber] [RecorderBuilder] [Loading Recorder Initialization Params] 
[2018-Mar-22-11:07:33.854][INFO] [Scrubber] [RecorderBuilder] [Done Building Recorder Config.] 
[2018-Mar-22-11:07:33.855][INFO] [Scrubber] [ScrubberBuilder] [Building Known Identifiers Config...] 
[2018-Mar-22-11:07:33.857][INFO] [Scrubber] [ScrubberBuilder] [Loading Saved Identifiers] 
[2018-Mar-22-11:07:33.906][INFO] [Scrubber] [ScrubberBuilder] [Names contained 85045 identifiers from conf/names.txt case sense=false to be replaced with xxxNAMExxx] 
[2018-Mar-22-11:07:33.910][INFO] [Scrubber] [ScrubberBuilder] [Institutions contained 157 identifiers from conf/hospital_names.txt case sense=false to be replaced with xxxHOSPITALxxx] 
[2018-Mar-22-11:07:33.911][INFO] [Scrubber] [ScrubberBuilder] [Institutions contained 208 identifiers from conf/positionDictionary80.txt case sense=false to be replaced with xxxPOSITIONxxx] 
[2018-Mar-22-11:07:33.921][INFO] [Scrubber] [ScrubberBuilder] [PrivateDictionary contained 3431 identifiers from conf/private_dict.txt case sense=false to be replaced with xxxxPRIVATExxx] 
[2018-Mar-22-11:07:33.922][INFO] [Scrubber] [ScrubberBuilder] [Loading Regular Expressions] 
[2018-Mar-22-11:07:33.943][INFO] [Scrubber] [ScrubberBuilder] [Done Building Known Identifiers Config.] 
[2018-Mar-22-11:07:33.945][INFO] [Scrubber] [ScrubberBuilder] [Building XML Input Config...] 
[2018-Mar-22-11:07:33.946][INFO] [Scrubber] [ScrubberBuilder] [Input Validation Enabled, using schema location:] 
[2018-Mar-22-11:07:33.947][INFO] [Scrubber] [ScrubberBuilder] [Preparing INPUT paths containing identifiers...] 
[2018-Mar-22-11:07:33.947][INFO] [Scrubber] [ScrubberBuilder] [Loaded Identifier specified by:FirstName /Envelope/Header/Identifiers/FirstName replaced with: xxxFirstNamexxx] 
[2018-Mar-22-11:07:33.948][INFO] [Scrubber] [ScrubberBuilder] [Loaded Identifier specified by:LastName /Envelope/Header/Identifiers/LastName replaced with: xxxLastNamexxx] 
[2018-Mar-22-11:07:33.948][INFO] [Scrubber] [ScrubberBuilder] [Loaded Identifier specified by:DateOfBirth /Envelope/Header/Identifiers/DateOfBirth replaced with: xxxDateOfBirthxxx] 
[2018-Mar-22-11:07:33.950][INFO] [Scrubber] [ScrubberBuilder] [Loaded Identifier specified by:AccessionNumber /Envelope/Header/Identifiers/AccessionNumber replaced with: xxxAccessionNumberxxx] 
[2018-Mar-22-11:07:33.950][INFO] [Scrubber] [ScrubberBuilder] [Loaded Identifier specified by:LocalMRN /Envelope/Header/Identifiers/LocalMRN replaced with: xxxLocalMRNxxx] 
[2018-Mar-22-11:07:33.951][INFO] [Scrubber] [ScrubberBuilder] [Loaded Identifier specified by:TissueAcquisitionDate /Envelope/Body/PathologyCase/@TissueAcquisitionDate replaced with: xxxDATExxx] 
[2018-Mar-22-11:07:33.952][INFO] [Scrubber] [ScrubberBuilder] [Loaded Identifier specified by:ReportDate /Envelope/Body/PathologyCase/FullReportData/@ReportDate replaced with: xxxDATExxx] 
[2018-Mar-22-11:07:33.952][INFO] [Scrubber] [ScrubberBuilder] [Loaded scrubbing target specified by ClinicalInformation /Envelope/Body/PathologyCase/Clinical/ClinicalInformation] 
[2018-Mar-22-11:07:33.953][INFO] [Scrubber] [ScrubberBuilder] [Loaded scrubbing target specified by SpecimenGrossDescription /Envelope/Body/PathologyCase/Specimen/GrossDescription/Text] 
[2018-Mar-22-11:07:33.955][INFO] [Scrubber] [ScrubberBuilder] [Loaded scrubbing target specified by GrossDescription /Envelope/Body/PathologyCase/GrossDescriptionText] 
[2018-Mar-22-11:07:33.955][INFO] [Scrubber] [ScrubberBuilder] [Loaded scrubbing target specified by DiagnosisText /Envelope/Body/PathologyCase/DiagnosisText] 
[2018-Mar-22-11:07:33.956][INFO] [Scrubber] [ScrubberBuilder] [Loaded scrubbing target specified by FullReportText /Envelope/Body/PathologyCase/FullReportText] 
[2018-Mar-22-11:07:33.956][INFO] [Scrubber] [ScrubberBuilder] [Loaded scrubbing target specified by FullReportData /Envelope/Body/PathologyCase/FullReportData
				] 
[2018-Mar-22-11:07:33.956][INFO] [Scrubber] [ScrubberBuilder] [Done building XML Input Config...] 
[2018-Mar-22-11:07:33.957][INFO] [Scrubber] [BatchBuilder] [Creating batch configuration...] 
[2018-Mar-22-11:07:33.959][INFO] [Scrubber] [BatchBuilder] [Adding label: Names and file: conf/names.txt] 
[2018-Mar-22-11:07:34.007][INFO] [Scrubber] [BatchBuilder] [Adding label: Institutions and file: conf/hospital_names.txt] 
[2018-Mar-22-11:07:34.008][INFO] [Scrubber] [BatchBuilder] [Adding label: Institutions and file: conf/positionDictionary80.txt] 
[2018-Mar-22-11:07:34.009][INFO] [Scrubber] [BatchBuilder] [Adding label: PrivateDictionary and file: conf/private_dict.txt] 
[2018-Mar-22-11:07:34.011][INFO] [Scrubber] [BatchBuilder] [Adding label: REGEX_0 and file: conf/regex.txt] 
[2018-Mar-22-11:07:34.013][INFO] [Scrubber] [BatchBuilder] [Done creating batch configuration...] 
[2018-Mar-22-11:07:34.014][INFO] [Scrubber] [BatchProcessor] [Initializing BatchProcessor:ao_2018-03-22#11.07.33AM] 
[2018-Mar-22-11:07:34.028][INFO] [Scrubber] [BatchProcessor] [BatchProcessor initialized at location:/Users/ao/Desktop/graduate-Ao/Tools/HMS-Scrubber/Experiment/scrubber-core-2.8/ao_2018-03-22#11.07.33AM] 
[2018-Mar-22-11:07:34.029][INFO] [Scrubber] [BatchProcessor] [Fetching input files in path:/Users/ao/Desktop/graduate-Ao/Tools/HMS-Scrubber/Experiment/scrubber-core-2.8/process/test90/original_test90.xml] 
[2018-Mar-22-11:07:34.030][INFO] [Scrubber] [BatchProcessor] [Fetched 1 input files] 
[2018-Mar-22-11:07:34.030][INFO] [Scrubber] [BatchProcessor] [Current:/Users/ao/Desktop/graduate-Ao/Tools/HMS-Scrubber/Experiment/scrubber-core-2.8/process/test90/original_test90.xml [1/1]  0 % complete  Totals:  [0 processed ] [0 failed ]] 
[2018-Mar-22-11:07:42.297][INFO] [Scrubber] [BatchProcessor] [Scrubbing complete,  Total:1  Success:1  Failed:0] 
[2018-Mar-22-11:08:39.336][WARN] [Scrubber] [DefaultBatchRunner] [Configuration schema was unavailable, configuration was not validated.] 
[2018-Mar-22-11:08:39.473][INFO] [Scrubber] [RecorderBuilder] [Building Recorder Config...] 
[2018-Mar-22-11:08:39.475][INFO] [Scrubber] [RecorderBuilder] [Loading Recorder Initialization Params] 
[2018-Mar-22-11:08:39.476][INFO] [Scrubber] [RecorderBuilder] [Done Building Recorder Config.] 
[2018-Mar-22-11:08:39.477][INFO] [Scrubber] [ScrubberBuilder] [Building Known Identifiers Config...] 
[2018-Mar-22-11:08:39.478][INFO] [Scrubber] [ScrubberBuilder] [Loading Saved Identifiers] 
[2018-Mar-22-11:08:39.533][INFO] [Scrubber] [ScrubberBuilder] [Names contained 85045 identifiers from conf/names.txt case sense=false to be replaced with xxxNAMExxx] 
[2018-Mar-22-11:08:39.537][INFO] [Scrubber] [ScrubberBuilder] [Institutions contained 157 identifiers from conf/hospital_names.txt case sense=false to be replaced with xxxHOSPITALxxx] 
[2018-Mar-22-11:08:39.538][INFO] [Scrubber] [ScrubberBuilder] [Institutions contained 208 identifiers from conf/positionDictionary80.txt case sense=false to be replaced with xxxPOSITIONxxx] 
[2018-Mar-22-11:08:39.547][INFO] [Scrubber] [ScrubberBuilder] [PrivateDictionary contained 3431 identifiers from conf/private_dict.txt case sense=false to be replaced with xxxxPRIVATExxx] 
[2018-Mar-22-11:08:39.548][INFO] [Scrubber] [ScrubberBuilder] [Loading Regular Expressions] 
[2018-Mar-22-11:08:39.568][INFO] [Scrubber] [ScrubberBuilder] [Done Building Known Identifiers Config.] 
[2018-Mar-22-11:08:39.570][INFO] [Scrubber] [ScrubberBuilder] [Building XML Input Config...] 
[2018-Mar-22-11:08:39.571][INFO] [Scrubber] [ScrubberBuilder] [Input Validation Enabled, using schema location:] 
[2018-Mar-22-11:08:39.572][INFO] [Scrubber] [ScrubberBuilder] [Preparing INPUT paths containing identifiers...] 
[2018-Mar-22-11:08:39.573][INFO] [Scrubber] [ScrubberBuilder] [Loaded Identifier specified by:FirstName /Envelope/Header/Identifiers/FirstName replaced with: xxxFirstNamexxx] 
[2018-Mar-22-11:08:39.573][INFO] [Scrubber] [ScrubberBuilder] [Loaded Identifier specified by:LastName /Envelope/Header/Identifiers/LastName replaced with: xxxLastNamexxx] 
[2018-Mar-22-11:08:39.574][INFO] [Scrubber] [ScrubberBuilder] [Loaded Identifier specified by:DateOfBirth /Envelope/Header/Identifiers/DateOfBirth replaced with: xxxDateOfBirthxxx] 
[2018-Mar-22-11:08:39.574][INFO] [Scrubber] [ScrubberBuilder] [Loaded Identifier specified by:AccessionNumber /Envelope/Header/Identifiers/AccessionNumber replaced with: xxxAccessionNumberxxx] 
[2018-Mar-22-11:08:39.575][INFO] [Scrubber] [ScrubberBuilder] [Loaded Identifier specified by:LocalMRN /Envelope/Header/Identifiers/LocalMRN replaced with: xxxLocalMRNxxx] 
[2018-Mar-22-11:08:39.575][INFO] [Scrubber] [ScrubberBuilder] [Loaded Identifier specified by:TissueAcquisitionDate /Envelope/Body/PathologyCase/@TissueAcquisitionDate replaced with: xxxDATExxx] 
[2018-Mar-22-11:08:39.576][INFO] [Scrubber] [ScrubberBuilder] [Loaded Identifier specified by:ReportDate /Envelope/Body/PathologyCase/FullReportData/@ReportDate replaced with: xxxDATExxx] 
[2018-Mar-22-11:08:39.577][INFO] [Scrubber] [ScrubberBuilder] [Loaded scrubbing target specified by ClinicalInformation /Envelope/Body/PathologyCase/Clinical/ClinicalInformation] 
[2018-Mar-22-11:08:39.577][INFO] [Scrubber] [ScrubberBuilder] [Loaded scrubbing target specified by SpecimenGrossDescription /Envelope/Body/PathologyCase/Specimen/GrossDescription/Text] 
[2018-Mar-22-11:08:39.578][INFO] [Scrubber] [ScrubberBuilder] [Loaded scrubbing target specified by GrossDescription /Envelope/Body/PathologyCase/GrossDescriptionText] 
[2018-Mar-22-11:08:39.578][INFO] [Scrubber] [ScrubberBuilder] [Loaded scrubbing target specified by DiagnosisText /Envelope/Body/PathologyCase/DiagnosisText] 
[2018-Mar-22-11:08:39.580][INFO] [Scrubber] [ScrubberBuilder] [Loaded scrubbing target specified by FullReportText /Envelope/Body/PathologyCase/FullReportText] 
[2018-Mar-22-11:08:39.580][INFO] [Scrubber] [ScrubberBuilder] [Loaded scrubbing target specified by FullReportData /Envelope/Body/PathologyCase/FullReportData
				] 
[2018-Mar-22-11:08:39.581][INFO] [Scrubber] [ScrubberBuilder] [Done building XML Input Config...] 
[2018-Mar-22-11:08:39.582][INFO] [Scrubber] [BatchBuilder] [Creating batch configuration...] 
[2018-Mar-22-11:08:39.583][INFO] [Scrubber] [BatchBuilder] [Adding label: Names and file: conf/names.txt] 
[2018-Mar-22-11:08:39.637][INFO] [Scrubber] [BatchBuilder] [Adding label: Institutions and file: conf/hospital_names.txt] 
[2018-Mar-22-11:08:39.638][INFO] [Scrubber] [BatchBuilder] [Adding label: Institutions and file: conf/positionDictionary80.txt] 
[2018-Mar-22-11:08:39.639][INFO] [Scrubber] [BatchBuilder] [Adding label: PrivateDictionary and file: conf/private_dict.txt] 
[2018-Mar-22-11:08:39.643][INFO] [Scrubber] [BatchBuilder] [Adding label: REGEX_0 and file: conf/regex.txt] 
[2018-Mar-22-11:08:39.645][INFO] [Scrubber] [BatchBuilder] [Done creating batch configuration...] 
[2018-Mar-22-11:08:39.647][INFO] [Scrubber] [BatchProcessor] [Initializing BatchProcessor:ao_2018-03-22#11.08.39AM] 
[2018-Mar-22-11:08:39.660][INFO] [Scrubber] [BatchProcessor] [BatchProcessor initialized at location:/Users/ao/Desktop/graduate-Ao/Tools/HMS-Scrubber/Experiment/scrubber-core-2.8/ao_2018-03-22#11.08.39AM] 
[2018-Mar-22-11:08:39.661][INFO] [Scrubber] [BatchProcessor] [Fetching input files in path:/Users/ao/Desktop/graduate-Ao/Tools/HMS-Scrubber/Experiment/scrubber-core-2.8/process/test80/original_test80.xml] 
[2018-Mar-22-11:08:39.661][INFO] [Scrubber] [BatchProcessor] [Fetched 1 input files] 
[2018-Mar-22-11:08:39.661][INFO] [Scrubber] [BatchProcessor] [Current:/Users/ao/Desktop/graduate-Ao/Tools/HMS-Scrubber/Experiment/scrubber-core-2.8/process/test80/original_test80.xml [1/1]  0 % complete  Totals:  [0 processed ] [0 failed ]] 
[2018-Mar-22-11:09:03.496][INFO] [Scrubber] [BatchProcessor] [Scrubbing complete,  Total:1  Success:1  Failed:0] 
[2018-Mar-22-11:15:57.475][WARN] [Scrubber] [DefaultBatchRunner] [Configuration schema was unavailable, configuration was not validated.] 
[2018-Mar-22-11:15:57.606][INFO] [Scrubber] [RecorderBuilder] [Building Recorder Config...] 
[2018-Mar-22-11:15:57.608][INFO] [Scrubber] [RecorderBuilder] [Loading Recorder Initialization Params] 
[2018-Mar-22-11:15:57.609][INFO] [Scrubber] [RecorderBuilder] [Done Building Recorder Config.] 
[2018-Mar-22-11:15:57.610][INFO] [Scrubber] [ScrubberBuilder] [Building Known Identifiers Config...] 
[2018-Mar-22-11:15:57.612][INFO] [Scrubber] [ScrubberBuilder] [Loading Saved Identifiers] 
[2018-Mar-22-11:15:57.664][INFO] [Scrubber] [ScrubberBuilder] [Names contained 85045 identifiers from conf/names.txt case sense=false to be replaced with xxxNAMExxx] 
[2018-Mar-22-11:15:57.667][INFO] [Scrubber] [ScrubberBuilder] [Institutions contained 157 identifiers from conf/hospital_names.txt case sense=false to be replaced with xxxHOSPITALxxx] 
[2018-Mar-22-11:15:57.668][INFO] [Scrubber] [ScrubberBuilder] [Institutions contained 0 identifiers from conf/positionDictionary.txt case sense=false to be replaced with xxxPOSITIONxxx] 
[2018-Mar-22-11:15:57.680][INFO] [Scrubber] [ScrubberBuilder] [PrivateDictionary contained 3431 identifiers from conf/private_dict.txt case sense=false to be replaced with xxxxPRIVATExxx] 
[2018-Mar-22-11:15:57.681][INFO] [Scrubber] [ScrubberBuilder] [Loading Regular Expressions] 
[2018-Mar-22-11:15:57.701][INFO] [Scrubber] [ScrubberBuilder] [Done Building Known Identifiers Config.] 
[2018-Mar-22-11:15:57.703][INFO] [Scrubber] [ScrubberBuilder] [Building XML Input Config...] 
[2018-Mar-22-11:15:57.704][INFO] [Scrubber] [ScrubberBuilder] [Input Validation Enabled, using schema location:] 
[2018-Mar-22-11:15:57.705][INFO] [Scrubber] [ScrubberBuilder] [Preparing INPUT paths containing identifiers...] 
[2018-Mar-22-11:15:57.706][INFO] [Scrubber] [ScrubberBuilder] [Loaded Identifier specified by:FirstName /Envelope/Header/Identifiers/FirstName replaced with: xxxFirstNamexxx] 
[2018-Mar-22-11:15:57.706][INFO] [Scrubber] [ScrubberBuilder] [Loaded Identifier specified by:LastName /Envelope/Header/Identifiers/LastName replaced with: xxxLastNamexxx] 
[2018-Mar-22-11:15:57.707][INFO] [Scrubber] [ScrubberBuilder] [Loaded Identifier specified by:DateOfBirth /Envelope/Header/Identifiers/DateOfBirth replaced with: xxxDateOfBirthxxx] 
[2018-Mar-22-11:15:57.707][INFO] [Scrubber] [ScrubberBuilder] [Loaded Identifier specified by:AccessionNumber /Envelope/Header/Identifiers/AccessionNumber replaced with: xxxAccessionNumberxxx] 
[2018-Mar-22-11:15:57.708][INFO] [Scrubber] [ScrubberBuilder] [Loaded Identifier specified by:LocalMRN /Envelope/Header/Identifiers/LocalMRN replaced with: xxxLocalMRNxxx] 
[2018-Mar-22-11:15:57.708][INFO] [Scrubber] [ScrubberBuilder] [Loaded Identifier specified by:TissueAcquisitionDate /Envelope/Body/PathologyCase/@TissueAcquisitionDate replaced with: xxxDATExxx] 
[2018-Mar-22-11:15:57.709][INFO] [Scrubber] [ScrubberBuilder] [Loaded Identifier specified by:ReportDate /Envelope/Body/PathologyCase/FullReportData/@ReportDate replaced with: xxxDATExxx] 
[2018-Mar-22-11:15:57.711][INFO] [Scrubber] [ScrubberBuilder] [Loaded scrubbing target specified by ClinicalInformation /Envelope/Body/PathologyCase/Clinical/ClinicalInformation] 
[2018-Mar-22-11:15:57.711][INFO] [Scrubber] [ScrubberBuilder] [Loaded scrubbing target specified by SpecimenGrossDescription /Envelope/Body/PathologyCase/Specimen/GrossDescription/Text] 
[2018-Mar-22-11:15:57.712][INFO] [Scrubber] [ScrubberBuilder] [Loaded scrubbing target specified by GrossDescription /Envelope/Body/PathologyCase/GrossDescriptionText] 
[2018-Mar-22-11:15:57.712][INFO] [Scrubber] [ScrubberBuilder] [Loaded scrubbing target specified by DiagnosisText /Envelope/Body/PathologyCase/DiagnosisText] 
[2018-Mar-22-11:15:57.713][INFO] [Scrubber] [ScrubberBuilder] [Loaded scrubbing target specified by FullReportText /Envelope/Body/PathologyCase/FullReportText] 
[2018-Mar-22-11:15:57.713][INFO] [Scrubber] [ScrubberBuilder] [Loaded scrubbing target specified by FullReportData /Envelope/Body/PathologyCase/FullReportData
				] 
[2018-Mar-22-11:15:57.714][INFO] [Scrubber] [ScrubberBuilder] [Done building XML Input Config...] 
[2018-Mar-22-11:15:57.715][INFO] [Scrubber] [BatchBuilder] [Creating batch configuration...] 
[2018-Mar-22-11:15:57.716][INFO] [Scrubber] [BatchBuilder] [Adding label: Names and file: conf/names.txt] 
[2018-Mar-22-11:15:57.768][INFO] [Scrubber] [BatchBuilder] [Adding label: Institutions and file: conf/hospital_names.txt] 
[2018-Mar-22-11:15:57.769][INFO] [Scrubber] [BatchBuilder] [Adding label: Institutions and file: conf/positionDictionary.txt] 
[2018-Mar-22-11:15:57.770][INFO] [Scrubber] [BatchBuilder] [Adding label: PrivateDictionary and file: conf/private_dict.txt] 
[2018-Mar-22-11:15:57.774][INFO] [Scrubber] [BatchBuilder] [Adding label: REGEX_0 and file: conf/regex.txt] 
[2018-Mar-22-11:15:57.776][INFO] [Scrubber] [BatchBuilder] [Done creating batch configuration...] 
[2018-Mar-22-11:15:57.778][INFO] [Scrubber] [BatchProcessor] [Initializing BatchProcessor:ao_2018-03-22#11.15.57AM] 
[2018-Mar-22-11:15:57.791][INFO] [Scrubber] [BatchProcessor] [BatchProcessor initialized at location:/Users/ao/Desktop/graduate-Ao/Tools/HMS-Scrubber/Experiment/scrubber-core-2.8/ao_2018-03-22#11.15.57AM] 
[2018-Mar-22-11:15:57.792][INFO] [Scrubber] [BatchProcessor] [Fetching input files in path:/Users/ao/Desktop/graduate-Ao/Tools/HMS-Scrubber/Experiment/scrubber-core-2.8/process/test70/original_test70.xml] 
[2018-Mar-22-11:15:57.792][INFO] [Scrubber] [BatchProcessor] [Fetched 1 input files] 
[2018-Mar-22-11:15:57.793][INFO] [Scrubber] [BatchProcessor] [Current:/Users/ao/Desktop/graduate-Ao/Tools/HMS-Scrubber/Experiment/scrubber-core-2.8/process/test70/original_test70.xml [1/1]  0 % complete  Totals:  [0 processed ] [0 failed ]] 
[2018-Mar-22-11:16:42.392][INFO] [Scrubber] [BatchProcessor] [Scrubbing complete,  Total:1  Success:1  Failed:0] 
[2018-Mar-22-11:18:07.156][WARN] [Scrubber] [DefaultBatchRunner] [Configuration schema was unavailable, configuration was not validated.] 
[2018-Mar-22-11:18:07.298][INFO] [Scrubber] [RecorderBuilder] [Building Recorder Config...] 
[2018-Mar-22-11:18:07.301][INFO] [Scrubber] [RecorderBuilder] [Loading Recorder Initialization Params] 
[2018-Mar-22-11:18:07.302][INFO] [Scrubber] [RecorderBuilder] [Done Building Recorder Config.] 
[2018-Mar-22-11:18:07.303][INFO] [Scrubber] [ScrubberBuilder] [Building Known Identifiers Config...] 
[2018-Mar-22-11:18:07.304][INFO] [Scrubber] [ScrubberBuilder] [Loading Saved Identifiers] 
[2018-Mar-22-11:18:07.365][INFO] [Scrubber] [ScrubberBuilder] [Names contained 85045 identifiers from conf/names.txt case sense=false to be replaced with xxxNAMExxx] 
[2018-Mar-22-11:18:07.369][INFO] [Scrubber] [ScrubberBuilder] [Institutions contained 157 identifiers from conf/hospital_names.txt case sense=false to be replaced with xxxHOSPITALxxx] 
[2018-Mar-22-11:18:07.371][INFO] [Scrubber] [ScrubberBuilder] [Institutions contained 187 identifiers from conf/positionDictionary70.txt case sense=false to be replaced with xxxPOSITIONxxx] 
[2018-Mar-22-11:18:07.381][INFO] [Scrubber] [ScrubberBuilder] [PrivateDictionary contained 3431 identifiers from conf/private_dict.txt case sense=false to be replaced with xxxxPRIVATExxx] 
[2018-Mar-22-11:18:07.382][INFO] [Scrubber] [ScrubberBuilder] [Loading Regular Expressions] 
[2018-Mar-22-11:18:07.404][INFO] [Scrubber] [ScrubberBuilder] [Done Building Known Identifiers Config.] 
[2018-Mar-22-11:18:07.405][INFO] [Scrubber] [ScrubberBuilder] [Building XML Input Config...] 
[2018-Mar-22-11:18:07.407][INFO] [Scrubber] [ScrubberBuilder] [Input Validation Enabled, using schema location:] 
[2018-Mar-22-11:18:07.407][INFO] [Scrubber] [ScrubberBuilder] [Preparing INPUT paths containing identifiers...] 
[2018-Mar-22-11:18:07.408][INFO] [Scrubber] [ScrubberBuilder] [Loaded Identifier specified by:FirstName /Envelope/Header/Identifiers/FirstName replaced with: xxxFirstNamexxx] 
[2018-Mar-22-11:18:07.409][INFO] [Scrubber] [ScrubberBuilder] [Loaded Identifier specified by:LastName /Envelope/Header/Identifiers/LastName replaced with: xxxLastNamexxx] 
[2018-Mar-22-11:18:07.409][INFO] [Scrubber] [ScrubberBuilder] [Loaded Identifier specified by:DateOfBirth /Envelope/Header/Identifiers/DateOfBirth replaced with: xxxDateOfBirthxxx] 
[2018-Mar-22-11:18:07.410][INFO] [Scrubber] [ScrubberBuilder] [Loaded Identifier specified by:AccessionNumber /Envelope/Header/Identifiers/AccessionNumber replaced with: xxxAccessionNumberxxx] 
[2018-Mar-22-11:18:07.411][INFO] [Scrubber] [ScrubberBuilder] [Loaded Identifier specified by:LocalMRN /Envelope/Header/Identifiers/LocalMRN replaced with: xxxLocalMRNxxx] 
[2018-Mar-22-11:18:07.412][INFO] [Scrubber] [ScrubberBuilder] [Loaded Identifier specified by:TissueAcquisitionDate /Envelope/Body/PathologyCase/@TissueAcquisitionDate replaced with: xxxDATExxx] 
[2018-Mar-22-11:18:07.413][INFO] [Scrubber] [ScrubberBuilder] [Loaded Identifier specified by:ReportDate /Envelope/Body/PathologyCase/FullReportData/@ReportDate replaced with: xxxDATExxx] 
[2018-Mar-22-11:18:07.414][INFO] [Scrubber] [ScrubberBuilder] [Loaded scrubbing target specified by ClinicalInformation /Envelope/Body/PathologyCase/Clinical/ClinicalInformation] 
[2018-Mar-22-11:18:07.415][INFO] [Scrubber] [ScrubberBuilder] [Loaded scrubbing target specified by SpecimenGrossDescription /Envelope/Body/PathologyCase/Specimen/GrossDescription/Text] 
[2018-Mar-22-11:18:07.415][INFO] [Scrubber] [ScrubberBuilder] [Loaded scrubbing target specified by GrossDescription /Envelope/Body/PathologyCase/GrossDescriptionText] 
[2018-Mar-22-11:18:07.416][INFO] [Scrubber] [ScrubberBuilder] [Loaded scrubbing target specified by DiagnosisText /Envelope/Body/PathologyCase/DiagnosisText] 
[2018-Mar-22-11:18:07.417][INFO] [Scrubber] [ScrubberBuilder] [Loaded scrubbing target specified by FullReportText /Envelope/Body/PathologyCase/FullReportText] 
[2018-Mar-22-11:18:07.417][INFO] [Scrubber] [ScrubberBuilder] [Loaded scrubbing target specified by FullReportData /Envelope/Body/PathologyCase/FullReportData
				] 
[2018-Mar-22-11:18:07.417][INFO] [Scrubber] [ScrubberBuilder] [Done building XML Input Config...] 
[2018-Mar-22-11:18:07.419][INFO] [Scrubber] [BatchBuilder] [Creating batch configuration...] 
[2018-Mar-22-11:18:07.421][INFO] [Scrubber] [BatchBuilder] [Adding label: Names and file: conf/names.txt] 
[2018-Mar-22-11:18:07.484][INFO] [Scrubber] [BatchBuilder] [Adding label: Institutions and file: conf/hospital_names.txt] 
[2018-Mar-22-11:18:07.486][INFO] [Scrubber] [BatchBuilder] [Adding label: Institutions and file: conf/positionDictionary70.txt] 
[2018-Mar-22-11:18:07.487][INFO] [Scrubber] [BatchBuilder] [Adding label: PrivateDictionary and file: conf/private_dict.txt] 
[2018-Mar-22-11:18:07.490][INFO] [Scrubber] [BatchBuilder] [Adding label: REGEX_0 and file: conf/regex.txt] 
[2018-Mar-22-11:18:07.491][INFO] [Scrubber] [BatchBuilder] [Done creating batch configuration...] 
[2018-Mar-22-11:18:07.493][INFO] [Scrubber] [BatchProcessor] [Initializing BatchProcessor:ao_2018-03-22#11.18.07AM] 
[2018-Mar-22-11:18:07.509][INFO] [Scrubber] [BatchProcessor] [BatchProcessor initialized at location:/Users/ao/Desktop/graduate-Ao/Tools/HMS-Scrubber/Experiment/scrubber-core-2.8/ao_2018-03-22#11.18.07AM] 
[2018-Mar-22-11:18:07.510][INFO] [Scrubber] [BatchProcessor] [Fetching input files in path:/Users/ao/Desktop/graduate-Ao/Tools/HMS-Scrubber/Experiment/scrubber-core-2.8/process/test70/original_test70.xml] 
[2018-Mar-22-11:18:07.510][INFO] [Scrubber] [BatchProcessor] [Fetched 1 input files] 
[2018-Mar-22-11:18:07.511][INFO] [Scrubber] [BatchProcessor] [Current:/Users/ao/Desktop/graduate-Ao/Tools/HMS-Scrubber/Experiment/scrubber-core-2.8/process/test70/original_test70.xml [1/1]  0 % complete  Totals:  [0 processed ] [0 failed ]] 
[2018-Mar-22-11:18:55.857][INFO] [Scrubber] [BatchProcessor] [Scrubbing complete,  Total:1  Success:1  Failed:0] 
[2018-Mar-22-11:22:22.927][WARN] [Scrubber] [DefaultBatchRunner] [Configuration schema was unavailable, configuration was not validated.] 
[2018-Mar-22-11:22:23.055][INFO] [Scrubber] [RecorderBuilder] [Building Recorder Config...] 
[2018-Mar-22-11:22:23.058][INFO] [Scrubber] [RecorderBuilder] [Loading Recorder Initialization Params] 
[2018-Mar-22-11:22:23.058][INFO] [Scrubber] [RecorderBuilder] [Done Building Recorder Config.] 
[2018-Mar-22-11:22:23.059][INFO] [Scrubber] [ScrubberBuilder] [Building Known Identifiers Config...] 
[2018-Mar-22-11:22:23.061][INFO] [Scrubber] [ScrubberBuilder] [Loading Saved Identifiers] 
[2018-Mar-22-11:22:23.110][INFO] [Scrubber] [ScrubberBuilder] [Names contained 85045 identifiers from conf/names.txt case sense=false to be replaced with xxxNAMExxx] 
[2018-Mar-22-11:22:23.114][INFO] [Scrubber] [ScrubberBuilder] [Institutions contained 157 identifiers from conf/hospital_names.txt case sense=false to be replaced with xxxHOSPITALxxx] 
[2018-Mar-22-11:22:23.115][INFO] [Scrubber] [ScrubberBuilder] [Institutions contained 0 identifiers from conf/positionDictionary.txt case sense=false to be replaced with xxxPOSITIONxxx] 
[2018-Mar-22-11:22:23.124][INFO] [Scrubber] [ScrubberBuilder] [PrivateDictionary contained 3431 identifiers from conf/private_dict.txt case sense=false to be replaced with xxxxPRIVATExxx] 
[2018-Mar-22-11:22:23.125][INFO] [Scrubber] [ScrubberBuilder] [Loading Regular Expressions] 
[2018-Mar-22-11:22:23.146][INFO] [Scrubber] [ScrubberBuilder] [Done Building Known Identifiers Config.] 
[2018-Mar-22-11:22:23.148][INFO] [Scrubber] [ScrubberBuilder] [Building XML Input Config...] 
[2018-Mar-22-11:22:23.150][INFO] [Scrubber] [ScrubberBuilder] [Input Validation Enabled, using schema location:] 
[2018-Mar-22-11:22:23.151][INFO] [Scrubber] [ScrubberBuilder] [Preparing INPUT paths containing identifiers...] 
[2018-Mar-22-11:22:23.152][INFO] [Scrubber] [ScrubberBuilder] [Loaded Identifier specified by:FirstName /Envelope/Header/Identifiers/FirstName replaced with: xxxFirstNamexxx] 
[2018-Mar-22-11:22:23.152][INFO] [Scrubber] [ScrubberBuilder] [Loaded Identifier specified by:LastName /Envelope/Header/Identifiers/LastName replaced with: xxxLastNamexxx] 
[2018-Mar-22-11:22:23.153][INFO] [Scrubber] [ScrubberBuilder] [Loaded Identifier specified by:DateOfBirth /Envelope/Header/Identifiers/DateOfBirth replaced with: xxxDateOfBirthxxx] 
[2018-Mar-22-11:22:23.153][INFO] [Scrubber] [ScrubberBuilder] [Loaded Identifier specified by:AccessionNumber /Envelope/Header/Identifiers/AccessionNumber replaced with: xxxAccessionNumberxxx] 
[2018-Mar-22-11:22:23.154][INFO] [Scrubber] [ScrubberBuilder] [Loaded Identifier specified by:LocalMRN /Envelope/Header/Identifiers/LocalMRN replaced with: xxxLocalMRNxxx] 
[2018-Mar-22-11:22:23.154][INFO] [Scrubber] [ScrubberBuilder] [Loaded Identifier specified by:TissueAcquisitionDate /Envelope/Body/PathologyCase/@TissueAcquisitionDate replaced with: xxxDATExxx] 
[2018-Mar-22-11:22:23.155][INFO] [Scrubber] [ScrubberBuilder] [Loaded Identifier specified by:ReportDate /Envelope/Body/PathologyCase/FullReportData/@ReportDate replaced with: xxxDATExxx] 
[2018-Mar-22-11:22:23.156][INFO] [Scrubber] [ScrubberBuilder] [Loaded scrubbing target specified by ClinicalInformation /Envelope/Body/PathologyCase/Clinical/ClinicalInformation] 
[2018-Mar-22-11:22:23.156][INFO] [Scrubber] [ScrubberBuilder] [Loaded scrubbing target specified by SpecimenGrossDescription /Envelope/Body/PathologyCase/Specimen/GrossDescription/Text] 
[2018-Mar-22-11:22:23.158][INFO] [Scrubber] [ScrubberBuilder] [Loaded scrubbing target specified by GrossDescription /Envelope/Body/PathologyCase/GrossDescriptionText] 
[2018-Mar-22-11:22:23.159][INFO] [Scrubber] [ScrubberBuilder] [Loaded scrubbing target specified by DiagnosisText /Envelope/Body/PathologyCase/DiagnosisText] 
[2018-Mar-22-11:22:23.159][INFO] [Scrubber] [ScrubberBuilder] [Loaded scrubbing target specified by FullReportText /Envelope/Body/PathologyCase/FullReportText] 
[2018-Mar-22-11:22:23.160][INFO] [Scrubber] [ScrubberBuilder] [Loaded scrubbing target specified by FullReportData /Envelope/Body/PathologyCase/FullReportData
				] 
[2018-Mar-22-11:22:23.160][INFO] [Scrubber] [ScrubberBuilder] [Done building XML Input Config...] 
[2018-Mar-22-11:22:23.161][INFO] [Scrubber] [BatchBuilder] [Creating batch configuration...] 
[2018-Mar-22-11:22:23.162][INFO] [Scrubber] [BatchBuilder] [Adding label: Names and file: conf/names.txt] 
[2018-Mar-22-11:22:23.214][INFO] [Scrubber] [BatchBuilder] [Adding label: Institutions and file: conf/hospital_names.txt] 
[2018-Mar-22-11:22:23.216][INFO] [Scrubber] [BatchBuilder] [Adding label: Institutions and file: conf/positionDictionary.txt] 
[2018-Mar-22-11:22:23.217][INFO] [Scrubber] [BatchBuilder] [Adding label: PrivateDictionary and file: conf/private_dict.txt] 
[2018-Mar-22-11:22:23.221][INFO] [Scrubber] [BatchBuilder] [Adding label: REGEX_0 and file: conf/regex.txt] 
[2018-Mar-22-11:22:23.223][INFO] [Scrubber] [BatchBuilder] [Done creating batch configuration...] 
[2018-Mar-22-11:22:23.225][INFO] [Scrubber] [BatchProcessor] [Initializing BatchProcessor:ao_2018-03-22#11.22.23AM] 
[2018-Mar-22-11:22:23.238][INFO] [Scrubber] [BatchProcessor] [BatchProcessor initialized at location:/Users/ao/Desktop/graduate-Ao/Tools/HMS-Scrubber/Experiment/scrubber-core-2.8/ao_2018-03-22#11.22.23AM] 
[2018-Mar-22-11:22:23.239][INFO] [Scrubber] [BatchProcessor] [Fetching input files in path:/Users/ao/Desktop/graduate-Ao/Tools/HMS-Scrubber/Experiment/scrubber-core-2.8/process/test60/original_test60.xml] 
[2018-Mar-22-11:22:23.239][INFO] [Scrubber] [BatchProcessor] [Fetched 1 input files] 
[2018-Mar-22-11:22:23.255][INFO] [Scrubber] [BatchProcessor] [Current:/Users/ao/Desktop/graduate-Ao/Tools/HMS-Scrubber/Experiment/scrubber-core-2.8/process/test60/original_test60.xml [1/1]  0 % complete  Totals:  [0 processed ] [0 failed ]] 
[2018-Mar-22-11:23:43.884][INFO] [Scrubber] [BatchProcessor] [Scrubbing complete,  Total:1  Success:1  Failed:0] 
[2018-Mar-22-11:24:17.832][WARN] [Scrubber] [DefaultBatchRunner] [Configuration schema was unavailable, configuration was not validated.] 
[2018-Mar-22-11:24:17.958][INFO] [Scrubber] [RecorderBuilder] [Building Recorder Config...] 
[2018-Mar-22-11:24:17.960][INFO] [Scrubber] [RecorderBuilder] [Loading Recorder Initialization Params] 
[2018-Mar-22-11:24:17.961][INFO] [Scrubber] [RecorderBuilder] [Done Building Recorder Config.] 
[2018-Mar-22-11:24:17.962][INFO] [Scrubber] [ScrubberBuilder] [Building Known Identifiers Config...] 
[2018-Mar-22-11:24:17.963][INFO] [Scrubber] [ScrubberBuilder] [Loading Saved Identifiers] 
[2018-Mar-22-11:24:18.016][INFO] [Scrubber] [ScrubberBuilder] [Names contained 85045 identifiers from conf/names.txt case sense=false to be replaced with xxxNAMExxx] 
[2018-Mar-22-11:24:18.020][INFO] [Scrubber] [ScrubberBuilder] [Institutions contained 157 identifiers from conf/hospital_names.txt case sense=false to be replaced with xxxHOSPITALxxx] 
[2018-Mar-22-11:24:18.022][INFO] [Scrubber] [ScrubberBuilder] [Institutions contained 163 identifiers from conf/positionDictionary60.txt case sense=false to be replaced with xxxPOSITIONxxx] 
[2018-Mar-22-11:24:18.033][INFO] [Scrubber] [ScrubberBuilder] [PrivateDictionary contained 3431 identifiers from conf/private_dict.txt case sense=false to be replaced with xxxxPRIVATExxx] 
[2018-Mar-22-11:24:18.034][INFO] [Scrubber] [ScrubberBuilder] [Loading Regular Expressions] 
[2018-Mar-22-11:24:18.056][INFO] [Scrubber] [ScrubberBuilder] [Done Building Known Identifiers Config.] 
[2018-Mar-22-11:24:18.057][INFO] [Scrubber] [ScrubberBuilder] [Building XML Input Config...] 
[2018-Mar-22-11:24:18.059][INFO] [Scrubber] [ScrubberBuilder] [Input Validation Enabled, using schema location:] 
[2018-Mar-22-11:24:18.060][INFO] [Scrubber] [ScrubberBuilder] [Preparing INPUT paths containing identifiers...] 
[2018-Mar-22-11:24:18.061][INFO] [Scrubber] [ScrubberBuilder] [Loaded Identifier specified by:FirstName /Envelope/Header/Identifiers/FirstName replaced with: xxxFirstNamexxx] 
[2018-Mar-22-11:24:18.061][INFO] [Scrubber] [ScrubberBuilder] [Loaded Identifier specified by:LastName /Envelope/Header/Identifiers/LastName replaced with: xxxLastNamexxx] 
[2018-Mar-22-11:24:18.062][INFO] [Scrubber] [ScrubberBuilder] [Loaded Identifier specified by:DateOfBirth /Envelope/Header/Identifiers/DateOfBirth replaced with: xxxDateOfBirthxxx] 
[2018-Mar-22-11:24:18.062][INFO] [Scrubber] [ScrubberBuilder] [Loaded Identifier specified by:AccessionNumber /Envelope/Header/Identifiers/AccessionNumber replaced with: xxxAccessionNumberxxx] 
[2018-Mar-22-11:24:18.063][INFO] [Scrubber] [ScrubberBuilder] [Loaded Identifier specified by:LocalMRN /Envelope/Header/Identifiers/LocalMRN replaced with: xxxLocalMRNxxx] 
[2018-Mar-22-11:24:18.064][INFO] [Scrubber] [ScrubberBuilder] [Loaded Identifier specified by:TissueAcquisitionDate /Envelope/Body/PathologyCase/@TissueAcquisitionDate replaced with: xxxDATExxx] 
[2018-Mar-22-11:24:18.065][INFO] [Scrubber] [ScrubberBuilder] [Loaded Identifier specified by:ReportDate /Envelope/Body/PathologyCase/FullReportData/@ReportDate replaced with: xxxDATExxx] 
[2018-Mar-22-11:24:18.066][INFO] [Scrubber] [ScrubberBuilder] [Loaded scrubbing target specified by ClinicalInformation /Envelope/Body/PathologyCase/Clinical/ClinicalInformation] 
[2018-Mar-22-11:24:18.066][INFO] [Scrubber] [ScrubberBuilder] [Loaded scrubbing target specified by SpecimenGrossDescription /Envelope/Body/PathologyCase/Specimen/GrossDescription/Text] 
[2018-Mar-22-11:24:18.067][INFO] [Scrubber] [ScrubberBuilder] [Loaded scrubbing target specified by GrossDescription /Envelope/Body/PathologyCase/GrossDescriptionText] 
[2018-Mar-22-11:24:18.067][INFO] [Scrubber] [ScrubberBuilder] [Loaded scrubbing target specified by DiagnosisText /Envelope/Body/PathologyCase/DiagnosisText] 
[2018-Mar-22-11:24:18.068][INFO] [Scrubber] [ScrubberBuilder] [Loaded scrubbing target specified by FullReportText /Envelope/Body/PathologyCase/FullReportText] 
[2018-Mar-22-11:24:18.068][INFO] [Scrubber] [ScrubberBuilder] [Loaded scrubbing target specified by FullReportData /Envelope/Body/PathologyCase/FullReportData
				] 
[2018-Mar-22-11:24:18.069][INFO] [Scrubber] [ScrubberBuilder] [Done building XML Input Config...] 
[2018-Mar-22-11:24:18.070][INFO] [Scrubber] [BatchBuilder] [Creating batch configuration...] 
[2018-Mar-22-11:24:18.072][INFO] [Scrubber] [BatchBuilder] [Adding label: Names and file: conf/names.txt] 
[2018-Mar-22-11:24:18.131][INFO] [Scrubber] [BatchBuilder] [Adding label: Institutions and file: conf/hospital_names.txt] 
[2018-Mar-22-11:24:18.132][INFO] [Scrubber] [BatchBuilder] [Adding label: Institutions and file: conf/positionDictionary60.txt] 
[2018-Mar-22-11:24:18.133][INFO] [Scrubber] [BatchBuilder] [Adding label: PrivateDictionary and file: conf/private_dict.txt] 
[2018-Mar-22-11:24:18.136][INFO] [Scrubber] [BatchBuilder] [Adding label: REGEX_0 and file: conf/regex.txt] 
[2018-Mar-22-11:24:18.138][INFO] [Scrubber] [BatchBuilder] [Done creating batch configuration...] 
[2018-Mar-22-11:24:18.140][INFO] [Scrubber] [BatchProcessor] [Initializing BatchProcessor:ao_2018-03-22#11.24.18AM] 
[2018-Mar-22-11:24:18.154][INFO] [Scrubber] [BatchProcessor] [BatchProcessor initialized at location:/Users/ao/Desktop/graduate-Ao/Tools/HMS-Scrubber/Experiment/scrubber-core-2.8/ao_2018-03-22#11.24.18AM] 
[2018-Mar-22-11:24:18.155][INFO] [Scrubber] [BatchProcessor] [Fetching input files in path:/Users/ao/Desktop/graduate-Ao/Tools/HMS-Scrubber/Experiment/scrubber-core-2.8/process/test60/original_test60.xml] 
[2018-Mar-22-11:24:18.155][INFO] [Scrubber] [BatchProcessor] [Fetched 1 input files] 
[2018-Mar-22-11:24:18.157][INFO] [Scrubber] [BatchProcessor] [Current:/Users/ao/Desktop/graduate-Ao/Tools/HMS-Scrubber/Experiment/scrubber-core-2.8/process/test60/original_test60.xml [1/1]  0 % complete  Totals:  [0 processed ] [0 failed ]] 
[2018-Mar-22-11:25:49.646][INFO] [Scrubber] [BatchProcessor] [Scrubbing complete,  Total:1  Success:1  Failed:0] 
[2018-Mar-22-11:26:46.282][WARN] [Scrubber] [DefaultBatchRunner] [Configuration schema was unavailable, configuration was not validated.] 
[2018-Mar-22-11:26:46.412][INFO] [Scrubber] [RecorderBuilder] [Building Recorder Config...] 
[2018-Mar-22-11:26:46.415][INFO] [Scrubber] [RecorderBuilder] [Loading Recorder Initialization Params] 
[2018-Mar-22-11:26:46.416][INFO] [Scrubber] [RecorderBuilder] [Done Building Recorder Config.] 
[2018-Mar-22-11:26:46.417][INFO] [Scrubber] [ScrubberBuilder] [Building Known Identifiers Config...] 
[2018-Mar-22-11:26:46.418][INFO] [Scrubber] [ScrubberBuilder] [Loading Saved Identifiers] 
[2018-Mar-22-11:26:46.469][INFO] [Scrubber] [ScrubberBuilder] [Names contained 85045 identifiers from conf/names.txt case sense=false to be replaced with xxxNAMExxx] 
[2018-Mar-22-11:26:46.472][INFO] [Scrubber] [ScrubberBuilder] [Institutions contained 157 identifiers from conf/hospital_names.txt case sense=false to be replaced with xxxHOSPITALxxx] 
[2018-Mar-22-11:26:46.473][INFO] [Scrubber] [ScrubberBuilder] [Institutions contained 0 identifiers from conf/positionDictionary.txt case sense=false to be replaced with xxxPOSITIONxxx] 
[2018-Mar-22-11:26:46.484][INFO] [Scrubber] [ScrubberBuilder] [PrivateDictionary contained 3431 identifiers from conf/private_dict.txt case sense=false to be replaced with xxxxPRIVATExxx] 
[2018-Mar-22-11:26:46.485][INFO] [Scrubber] [ScrubberBuilder] [Loading Regular Expressions] 
[2018-Mar-22-11:26:46.506][INFO] [Scrubber] [ScrubberBuilder] [Done Building Known Identifiers Config.] 
[2018-Mar-22-11:26:46.508][INFO] [Scrubber] [ScrubberBuilder] [Building XML Input Config...] 
[2018-Mar-22-11:26:46.509][INFO] [Scrubber] [ScrubberBuilder] [Input Validation Enabled, using schema location:] 
[2018-Mar-22-11:26:46.510][INFO] [Scrubber] [ScrubberBuilder] [Preparing INPUT paths containing identifiers...] 
[2018-Mar-22-11:26:46.511][INFO] [Scrubber] [ScrubberBuilder] [Loaded Identifier specified by:FirstName /Envelope/Header/Identifiers/FirstName replaced with: xxxFirstNamexxx] 
[2018-Mar-22-11:26:46.512][INFO] [Scrubber] [ScrubberBuilder] [Loaded Identifier specified by:LastName /Envelope/Header/Identifiers/LastName replaced with: xxxLastNamexxx] 
[2018-Mar-22-11:26:46.512][INFO] [Scrubber] [ScrubberBuilder] [Loaded Identifier specified by:DateOfBirth /Envelope/Header/Identifiers/DateOfBirth replaced with: xxxDateOfBirthxxx] 
[2018-Mar-22-11:26:46.512][INFO] [Scrubber] [ScrubberBuilder] [Loaded Identifier specified by:AccessionNumber /Envelope/Header/Identifiers/AccessionNumber replaced with: xxxAccessionNumberxxx] 
[2018-Mar-22-11:26:46.513][INFO] [Scrubber] [ScrubberBuilder] [Loaded Identifier specified by:LocalMRN /Envelope/Header/Identifiers/LocalMRN replaced with: xxxLocalMRNxxx] 
[2018-Mar-22-11:26:46.513][INFO] [Scrubber] [ScrubberBuilder] [Loaded Identifier specified by:TissueAcquisitionDate /Envelope/Body/PathologyCase/@TissueAcquisitionDate replaced with: xxxDATExxx] 
[2018-Mar-22-11:26:46.515][INFO] [Scrubber] [ScrubberBuilder] [Loaded Identifier specified by:ReportDate /Envelope/Body/PathologyCase/FullReportData/@ReportDate replaced with: xxxDATExxx] 
[2018-Mar-22-11:26:46.516][INFO] [Scrubber] [ScrubberBuilder] [Loaded scrubbing target specified by ClinicalInformation /Envelope/Body/PathologyCase/Clinical/ClinicalInformation] 
[2018-Mar-22-11:26:46.516][INFO] [Scrubber] [ScrubberBuilder] [Loaded scrubbing target specified by SpecimenGrossDescription /Envelope/Body/PathologyCase/Specimen/GrossDescription/Text] 
[2018-Mar-22-11:26:46.517][INFO] [Scrubber] [ScrubberBuilder] [Loaded scrubbing target specified by GrossDescription /Envelope/Body/PathologyCase/GrossDescriptionText] 
[2018-Mar-22-11:26:46.517][INFO] [Scrubber] [ScrubberBuilder] [Loaded scrubbing target specified by DiagnosisText /Envelope/Body/PathologyCase/DiagnosisText] 
[2018-Mar-22-11:26:46.518][INFO] [Scrubber] [ScrubberBuilder] [Loaded scrubbing target specified by FullReportText /Envelope/Body/PathologyCase/FullReportText] 
[2018-Mar-22-11:26:46.518][INFO] [Scrubber] [ScrubberBuilder] [Loaded scrubbing target specified by FullReportData /Envelope/Body/PathologyCase/FullReportData
				] 
[2018-Mar-22-11:26:46.518][INFO] [Scrubber] [ScrubberBuilder] [Done building XML Input Config...] 
[2018-Mar-22-11:26:46.519][INFO] [Scrubber] [BatchBuilder] [Creating batch configuration...] 
[2018-Mar-22-11:26:46.521][INFO] [Scrubber] [BatchBuilder] [Adding label: Names and file: conf/names.txt] 
[2018-Mar-22-11:26:46.573][INFO] [Scrubber] [BatchBuilder] [Adding label: Institutions and file: conf/hospital_names.txt] 
[2018-Mar-22-11:26:46.574][INFO] [Scrubber] [BatchBuilder] [Adding label: Institutions and file: conf/positionDictionary.txt] 
[2018-Mar-22-11:26:46.575][INFO] [Scrubber] [BatchBuilder] [Adding label: PrivateDictionary and file: conf/private_dict.txt] 
[2018-Mar-22-11:26:46.580][INFO] [Scrubber] [BatchBuilder] [Adding label: REGEX_0 and file: conf/regex.txt] 
[2018-Mar-22-11:26:46.582][INFO] [Scrubber] [BatchBuilder] [Done creating batch configuration...] 
[2018-Mar-22-11:26:46.584][INFO] [Scrubber] [BatchProcessor] [Initializing BatchProcessor:ao_2018-03-22#11.26.46AM] 
[2018-Mar-22-11:26:46.597][INFO] [Scrubber] [BatchProcessor] [BatchProcessor initialized at location:/Users/ao/Desktop/graduate-Ao/Tools/HMS-Scrubber/Experiment/scrubber-core-2.8/ao_2018-03-22#11.26.46AM] 
[2018-Mar-22-11:26:46.598][INFO] [Scrubber] [BatchProcessor] [Fetching input files in path:/Users/ao/Desktop/graduate-Ao/Tools/HMS-Scrubber/Experiment/scrubber-core-2.8/process/test50/original_test50.xml] 
[2018-Mar-22-11:26:46.598][INFO] [Scrubber] [BatchProcessor] [Fetched 1 input files] 
[2018-Mar-22-11:26:46.599][INFO] [Scrubber] [BatchProcessor] [Current:/Users/ao/Desktop/graduate-Ao/Tools/HMS-Scrubber/Experiment/scrubber-core-2.8/process/test50/original_test50.xml [1/1]  0 % complete  Totals:  [0 processed ] [0 failed ]] 
[2018-Mar-22-11:28:41.414][INFO] [Scrubber] [BatchProcessor] [Scrubbing complete,  Total:1  Success:1  Failed:0] 
[2018-Mar-22-11:29:02.986][WARN] [Scrubber] [DefaultBatchRunner] [Configuration schema was unavailable, configuration was not validated.] 
[2018-Mar-22-11:29:03.114][INFO] [Scrubber] [RecorderBuilder] [Building Recorder Config...] 
[2018-Mar-22-11:29:03.116][INFO] [Scrubber] [RecorderBuilder] [Loading Recorder Initialization Params] 
[2018-Mar-22-11:29:03.117][INFO] [Scrubber] [RecorderBuilder] [Done Building Recorder Config.] 
[2018-Mar-22-11:29:03.119][INFO] [Scrubber] [ScrubberBuilder] [Building Known Identifiers Config...] 
[2018-Mar-22-11:29:03.120][INFO] [Scrubber] [ScrubberBuilder] [Loading Saved Identifiers] 
[2018-Mar-22-11:29:03.172][INFO] [Scrubber] [ScrubberBuilder] [Names contained 85045 identifiers from conf/names.txt case sense=false to be replaced with xxxNAMExxx] 
[2018-Mar-22-11:29:03.177][INFO] [Scrubber] [ScrubberBuilder] [Institutions contained 157 identifiers from conf/hospital_names.txt case sense=false to be replaced with xxxHOSPITALxxx] 
[2018-Mar-22-11:29:03.178][INFO] [Scrubber] [ScrubberBuilder] [Institutions contained 147 identifiers from conf/positionDictionary50.txt case sense=false to be replaced with xxxPOSITIONxxx] 
[2018-Mar-22-11:29:03.190][INFO] [Scrubber] [ScrubberBuilder] [PrivateDictionary contained 3431 identifiers from conf/private_dict.txt case sense=false to be replaced with xxxxPRIVATExxx] 
[2018-Mar-22-11:29:03.191][INFO] [Scrubber] [ScrubberBuilder] [Loading Regular Expressions] 
[2018-Mar-22-11:29:03.212][INFO] [Scrubber] [ScrubberBuilder] [Done Building Known Identifiers Config.] 
[2018-Mar-22-11:29:03.214][INFO] [Scrubber] [ScrubberBuilder] [Building XML Input Config...] 
[2018-Mar-22-11:29:03.216][INFO] [Scrubber] [ScrubberBuilder] [Input Validation Enabled, using schema location:] 
[2018-Mar-22-11:29:03.216][INFO] [Scrubber] [ScrubberBuilder] [Preparing INPUT paths containing identifiers...] 
[2018-Mar-22-11:29:03.217][INFO] [Scrubber] [ScrubberBuilder] [Loaded Identifier specified by:FirstName /Envelope/Header/Identifiers/FirstName replaced with: xxxFirstNamexxx] 
[2018-Mar-22-11:29:03.218][INFO] [Scrubber] [ScrubberBuilder] [Loaded Identifier specified by:LastName /Envelope/Header/Identifiers/LastName replaced with: xxxLastNamexxx] 
[2018-Mar-22-11:29:03.218][INFO] [Scrubber] [ScrubberBuilder] [Loaded Identifier specified by:DateOfBirth /Envelope/Header/Identifiers/DateOfBirth replaced with: xxxDateOfBirthxxx] 
[2018-Mar-22-11:29:03.219][INFO] [Scrubber] [ScrubberBuilder] [Loaded Identifier specified by:AccessionNumber /Envelope/Header/Identifiers/AccessionNumber replaced with: xxxAccessionNumberxxx] 
[2018-Mar-22-11:29:03.221][INFO] [Scrubber] [ScrubberBuilder] [Loaded Identifier specified by:LocalMRN /Envelope/Header/Identifiers/LocalMRN replaced with: xxxLocalMRNxxx] 
[2018-Mar-22-11:29:03.221][INFO] [Scrubber] [ScrubberBuilder] [Loaded Identifier specified by:TissueAcquisitionDate /Envelope/Body/PathologyCase/@TissueAcquisitionDate replaced with: xxxDATExxx] 
[2018-Mar-22-11:29:03.222][INFO] [Scrubber] [ScrubberBuilder] [Loaded Identifier specified by:ReportDate /Envelope/Body/PathologyCase/FullReportData/@ReportDate replaced with: xxxDATExxx] 
[2018-Mar-22-11:29:03.223][INFO] [Scrubber] [ScrubberBuilder] [Loaded scrubbing target specified by ClinicalInformation /Envelope/Body/PathologyCase/Clinical/ClinicalInformation] 
[2018-Mar-22-11:29:03.224][INFO] [Scrubber] [ScrubberBuilder] [Loaded scrubbing target specified by SpecimenGrossDescription /Envelope/Body/PathologyCase/Specimen/GrossDescription/Text] 
[2018-Mar-22-11:29:03.224][INFO] [Scrubber] [ScrubberBuilder] [Loaded scrubbing target specified by GrossDescription /Envelope/Body/PathologyCase/GrossDescriptionText] 
[2018-Mar-22-11:29:03.225][INFO] [Scrubber] [ScrubberBuilder] [Loaded scrubbing target specified by DiagnosisText /Envelope/Body/PathologyCase/DiagnosisText] 
[2018-Mar-22-11:29:03.225][INFO] [Scrubber] [ScrubberBuilder] [Loaded scrubbing target specified by FullReportText /Envelope/Body/PathologyCase/FullReportText] 
[2018-Mar-22-11:29:03.226][INFO] [Scrubber] [ScrubberBuilder] [Loaded scrubbing target specified by FullReportData /Envelope/Body/PathologyCase/FullReportData
				] 
[2018-Mar-22-11:29:03.226][INFO] [Scrubber] [ScrubberBuilder] [Done building XML Input Config...] 
[2018-Mar-22-11:29:03.228][INFO] [Scrubber] [BatchBuilder] [Creating batch configuration...] 
[2018-Mar-22-11:29:03.230][INFO] [Scrubber] [BatchBuilder] [Adding label: Names and file: conf/names.txt] 
[2018-Mar-22-11:29:03.289][INFO] [Scrubber] [BatchBuilder] [Adding label: Institutions and file: conf/hospital_names.txt] 
[2018-Mar-22-11:29:03.290][INFO] [Scrubber] [BatchBuilder] [Adding label: Institutions and file: conf/positionDictionary50.txt] 
[2018-Mar-22-11:29:03.291][INFO] [Scrubber] [BatchBuilder] [Adding label: PrivateDictionary and file: conf/private_dict.txt] 
[2018-Mar-22-11:29:03.295][INFO] [Scrubber] [BatchBuilder] [Adding label: REGEX_0 and file: conf/regex.txt] 
[2018-Mar-22-11:29:03.296][INFO] [Scrubber] [BatchBuilder] [Done creating batch configuration...] 
[2018-Mar-22-11:29:03.298][INFO] [Scrubber] [BatchProcessor] [Initializing BatchProcessor:ao_2018-03-22#11.29.03AM] 
[2018-Mar-22-11:29:03.314][INFO] [Scrubber] [BatchProcessor] [BatchProcessor initialized at location:/Users/ao/Desktop/graduate-Ao/Tools/HMS-Scrubber/Experiment/scrubber-core-2.8/ao_2018-03-22#11.29.03AM] 
[2018-Mar-22-11:29:03.315][INFO] [Scrubber] [BatchProcessor] [Fetching input files in path:/Users/ao/Desktop/graduate-Ao/Tools/HMS-Scrubber/Experiment/scrubber-core-2.8/process/test50/original_test50.xml] 
[2018-Mar-22-11:29:03.315][INFO] [Scrubber] [BatchProcessor] [Fetched 1 input files] 
[2018-Mar-22-11:29:03.316][INFO] [Scrubber] [BatchProcessor] [Current:/Users/ao/Desktop/graduate-Ao/Tools/HMS-Scrubber/Experiment/scrubber-core-2.8/process/test50/original_test50.xml [1/1]  0 % complete  Totals:  [0 processed ] [0 failed ]] 
[2018-Mar-22-11:31:09.524][INFO] [Scrubber] [BatchProcessor] [Scrubbing complete,  Total:1  Success:1  Failed:0] 
